<?xml version="1.0" encoding="utf-8"?>
<!DOCTYPE coverage SYSTEM "http://cobertura.sourceforge.net/xml/coverage-04.dtd">
<coverage line-rate="0.372749391727494" branch-rate="0.0958969465648855" lines-covered="2298" lines-valid="6165" branches-covered="201" branches-valid="2096" complexity="2238" version="0" timestamp="1701255723">
  <sources />
  <packages>
    <package name="DrawingModel" line-rate="0.965659340659341" branch-rate="0.957446808510638" complexity="170">
      <classes>
        <class name="DrawingModel.DoubleBufferedPanel" filename="D:\jun_windows_programming\hw5\PowerPoint\DrawingModel\presentationModel\DoubleBufferedPanel.cs" line-rate="1" branch-rate="1" complexity="1">
          <methods>
            <method name=".ctor" signature="()" line-rate="1" branch-rate="1" complexity="1">
              <lines>
                <line number="6" hits="4" branch="false" />
                <line number="7" hits="4" branch="false" />
                <line number="8" hits="4" branch="false" />
                <line number="9" hits="4" branch="false" />
              </lines>
            </method>
          </methods>
          <lines>
            <line number="6" hits="4" branch="false" />
            <line number="7" hits="4" branch="false" />
            <line number="8" hits="4" branch="false" />
            <line number="9" hits="4" branch="false" />
          </lines>
        </class>
        <class name="DrawingModel.DrawingState" filename="D:\jun_windows_programming\hw5\PowerPoint\DrawingModel\states\DrawingState.cs" line-rate="1" branch-rate="1" complexity="NaN">
          <methods>
            <method name="IsPressed" signature="()" line-rate="1" branch-rate="1" complexity="NaN">
              <lines>
                <line number="10" hits="15" branch="false" />
              </lines>
            </method>
            <method name="IsPressed" signature="(System.Boolean)" line-rate="1" branch-rate="1" complexity="NaN">
              <lines>
                <line number="10" hits="15" branch="false" />
              </lines>
            </method>
            <method name=".ctor" signature="(DrawingModel.Model)" line-rate="1" branch-rate="1" complexity="NaN">
              <lines>
                <line number="12" hits="10" branch="false" />
                <line number="13" hits="10" branch="false" />
                <line number="14" hits="10" branch="false" />
                <line number="15" hits="10" branch="false" />
              </lines>
            </method>
            <method name="Draw" signature="(DrawingModel.IGraphics)" line-rate="1" branch-rate="1" complexity="NaN">
              <lines>
                <line number="19" hits="2" branch="false" />
                <line number="20" hits="2" branch="true" condition-coverage="100% (2/2)" />
                <line number="21" hits="1" branch="false" />
                <line number="22" hits="1" branch="false" />
                <line number="23" hits="1" branch="false" />
                <line number="24" hits="2" branch="false" />
              </lines>
            </method>
            <method name="MouseDown" signature="(System.Single,System.Single)" line-rate="1" branch-rate="1" complexity="NaN">
              <lines>
                <line number="28" hits="3" branch="false" />
                <line number="29" hits="3" branch="false" />
                <line number="30" hits="3" branch="false" />
                <line number="31" hits="3" branch="false" />
              </lines>
            </method>
            <method name="MouseMove" signature="(System.Single,System.Single)" line-rate="1" branch-rate="1" complexity="NaN">
              <lines>
                <line number="35" hits="2" branch="false" />
                <line number="36" hits="2" branch="true" condition-coverage="100% (2/2)" />
                <line number="37" hits="1" branch="false" />
                <line number="38" hits="1" branch="false" />
                <line number="39" hits="1" branch="false" />
                <line number="40" hits="1" branch="false" />
                <line number="41" hits="2" branch="false" />
              </lines>
            </method>
            <method name="MouseUp" signature="(System.Single,System.Single)" line-rate="1" branch-rate="1" complexity="NaN">
              <lines>
                <line number="45" hits="2" branch="false" />
                <line number="46" hits="2" branch="true" condition-coverage="100% (2/2)" />
                <line number="47" hits="1" branch="false" />
                <line number="48" hits="1" branch="false" />
                <line number="49" hits="1" branch="false" />
                <line number="50" hits="1" branch="false" />
                <line number="51" hits="1" branch="false" />
                <line number="52" hits="1" branch="false" />
                <line number="53" hits="1" branch="false" />
                <line number="54" hits="2" branch="false" />
              </lines>
            </method>
            <method name="KeyPressed" signature="(System.Windows.Forms.Keys)" line-rate="1" branch-rate="1" complexity="NaN">
              <lines>
                <line number="58" hits="1" branch="false" />
                <line number="59" hits="1" branch="false" />
              </lines>
            </method>
          </methods>
          <lines>
            <line number="10" hits="15" branch="false" />
            <line number="12" hits="10" branch="false" />
            <line number="13" hits="10" branch="false" />
            <line number="14" hits="10" branch="false" />
            <line number="15" hits="10" branch="false" />
            <line number="19" hits="2" branch="false" />
            <line number="20" hits="2" branch="true" condition-coverage="100% (2/2)" />
            <line number="21" hits="1" branch="false" />
            <line number="22" hits="1" branch="false" />
            <line number="23" hits="1" branch="false" />
            <line number="24" hits="2" branch="false" />
            <line number="28" hits="3" branch="false" />
            <line number="29" hits="3" branch="false" />
            <line number="30" hits="3" branch="false" />
            <line number="31" hits="3" branch="false" />
            <line number="35" hits="2" branch="false" />
            <line number="36" hits="2" branch="true" condition-coverage="100% (2/2)" />
            <line number="37" hits="1" branch="false" />
            <line number="38" hits="1" branch="false" />
            <line number="39" hits="1" branch="false" />
            <line number="40" hits="1" branch="false" />
            <line number="41" hits="2" branch="false" />
            <line number="45" hits="2" branch="false" />
            <line number="46" hits="2" branch="true" condition-coverage="100% (2/2)" />
            <line number="47" hits="1" branch="false" />
            <line number="48" hits="1" branch="false" />
            <line number="49" hits="1" branch="false" />
            <line number="50" hits="1" branch="false" />
            <line number="51" hits="1" branch="false" />
            <line number="52" hits="1" branch="false" />
            <line number="53" hits="1" branch="false" />
            <line number="54" hits="2" branch="false" />
            <line number="58" hits="1" branch="false" />
            <line number="59" hits="1" branch="false" />
          </lines>
        </class>
        <class name="DrawingModel.Ellipse" filename="D:\jun_windows_programming\hw5\PowerPoint\DrawingModel\shape\Ellipse.cs" line-rate="1" branch-rate="1" complexity="2">
          <methods>
            <method name=".ctor" signature="()" line-rate="1" branch-rate="1" complexity="1">
              <lines>
                <line number="5" hits="11" branch="false" />
                <line number="6" hits="11" branch="false" />
                <line number="7" hits="11" branch="false" />
                <line number="8" hits="11" branch="false" />
              </lines>
            </method>
            <method name=".ctor" signature="(DrawingModel.Pair,DrawingModel.Pair)" line-rate="1" branch-rate="1" complexity="NaN">
              <lines>
                <line number="10" hits="6" branch="false" />
                <line number="11" hits="6" branch="false" />
                <line number="12" hits="6" branch="false" />
                <line number="13" hits="6" branch="false" />
                <line number="14" hits="6" branch="false" />
                <line number="15" hits="6" branch="false" />
              </lines>
            </method>
            <method name="GetInfo" signature="()" line-rate="1" branch-rate="1" complexity="1">
              <lines>
                <line number="19" hits="2" branch="false" />
                <line number="20" hits="2" branch="false" />
                <line number="21" hits="2" branch="false" />
              </lines>
            </method>
            <method name="Draw" signature="(DrawingModel.IGraphics)" line-rate="1" branch-rate="1" complexity="NaN">
              <lines>
                <line number="25" hits="3" branch="false" />
                <line number="26" hits="3" branch="false" />
                <line number="27" hits="3" branch="true" condition-coverage="100% (2/2)" />
                <line number="28" hits="1" branch="false" />
                <line number="29" hits="1" branch="false" />
                <line number="30" hits="1" branch="false" />
                <line number="31" hits="3" branch="false" />
              </lines>
            </method>
            <method name="IsInShape" signature="(System.Single,System.Single)" line-rate="1" branch-rate="1" complexity="NaN">
              <lines>
                <line number="35" hits="4" branch="false" />
                <line number="36" hits="4" branch="false" />
                <line number="37" hits="4" branch="false" />
                <line number="38" hits="4" branch="true" condition-coverage="100% (2/2)" />
                <line number="39" hits="4" branch="false" />
              </lines>
            </method>
          </methods>
          <lines>
            <line number="5" hits="11" branch="false" />
            <line number="6" hits="11" branch="false" />
            <line number="7" hits="11" branch="false" />
            <line number="8" hits="11" branch="false" />
            <line number="10" hits="6" branch="false" />
            <line number="11" hits="6" branch="false" />
            <line number="12" hits="6" branch="false" />
            <line number="13" hits="6" branch="false" />
            <line number="14" hits="6" branch="false" />
            <line number="15" hits="6" branch="false" />
            <line number="19" hits="2" branch="false" />
            <line number="20" hits="2" branch="false" />
            <line number="21" hits="2" branch="false" />
            <line number="25" hits="3" branch="false" />
            <line number="26" hits="3" branch="false" />
            <line number="27" hits="3" branch="true" condition-coverage="100% (2/2)" />
            <line number="28" hits="1" branch="false" />
            <line number="29" hits="1" branch="false" />
            <line number="30" hits="1" branch="false" />
            <line number="31" hits="3" branch="false" />
            <line number="35" hits="4" branch="false" />
            <line number="36" hits="4" branch="false" />
            <line number="37" hits="4" branch="false" />
            <line number="38" hits="4" branch="true" condition-coverage="100% (2/2)" />
            <line number="39" hits="4" branch="false" />
          </lines>
        </class>
        <class name="DrawingModel.FormModel" filename="D:\jun_windows_programming\hw5\PowerPoint\DrawingModel\FormModel.cs" line-rate="0" branch-rate="1" complexity="1">
          <methods>
            <method name=".ctor" signature="()" line-rate="0" branch-rate="1" complexity="1">
              <lines>
                <line number="7" hits="0" branch="false" />
                <line number="8" hits="0" branch="false" />
                <line number="10" hits="0" branch="false" />
              </lines>
            </method>
          </methods>
          <lines>
            <line number="7" hits="0" branch="false" />
            <line number="8" hits="0" branch="false" />
            <line number="10" hits="0" branch="false" />
          </lines>
        </class>
        <class name="DrawingModel.FormPresentationModel" filename="D:\jun_windows_programming\hw5\PowerPoint\DrawingModel\presentationModel\FormPresentationModel.cs" line-rate="1" branch-rate="1" complexity="4">
          <methods>
            <method name="IsLineEnable" signature="()" line-rate="1" branch-rate="1" complexity="NaN">
              <lines>
                <line number="14" hits="17" branch="false" />
              </lines>
            </method>
            <method name="IsLineEnable" signature="(System.Boolean)" line-rate="1" branch-rate="1" complexity="NaN">
              <lines>
                <line number="14" hits="17" branch="false" />
              </lines>
            </method>
            <method name="IsRectangleEnable" signature="()" line-rate="1" branch-rate="1" complexity="NaN">
              <lines>
                <line number="18" hits="12" branch="false" />
              </lines>
            </method>
            <method name="IsRectangleEnable" signature="(System.Boolean)" line-rate="1" branch-rate="1" complexity="NaN">
              <lines>
                <line number="18" hits="12" branch="false" />
              </lines>
            </method>
            <method name="IsEllipseEnable" signature="()" line-rate="1" branch-rate="1" complexity="NaN">
              <lines>
                <line number="22" hits="14" branch="false" />
              </lines>
            </method>
            <method name="IsEllipseEnable" signature="(System.Boolean)" line-rate="1" branch-rate="1" complexity="NaN">
              <lines>
                <line number="22" hits="14" branch="false" />
              </lines>
            </method>
            <method name="IsIdleEnable" signature="()" line-rate="1" branch-rate="1" complexity="NaN">
              <lines>
                <line number="26" hits="11" branch="false" />
              </lines>
            </method>
            <method name="IsIdleEnable" signature="(System.Boolean)" line-rate="1" branch-rate="1" complexity="NaN">
              <lines>
                <line number="26" hits="11" branch="false" />
              </lines>
            </method>
            <method name="IsDrawing" signature="()" line-rate="1" branch-rate="1" complexity="NaN">
              <lines>
                <line number="31" hits="3" branch="false" />
                <line number="32" hits="3" branch="true" condition-coverage="100% (4/4)" />
                <line number="33" hits="3" branch="false" />
              </lines>
            </method>
            <method name="Panel" signature="()" line-rate="1" branch-rate="1" complexity="NaN">
              <lines>
                <line number="38" hits="1" branch="false" />
                <line number="39" hits="1" branch="false" />
                <line number="40" hits="1" branch="false" />
              </lines>
            </method>
            <method name="Panel" signature="(DrawingModel.DoubleBufferedPanel)" line-rate="1" branch-rate="1" complexity="NaN">
              <lines>
                <line number="42" hits="4" branch="false" />
                <line number="43" hits="4" branch="false" />
                <line number="44" hits="4" branch="false" />
              </lines>
            </method>
            <method name="Model" signature="()" line-rate="1" branch-rate="1" complexity="NaN">
              <lines>
                <line number="74" hits="1" branch="false" />
                <line number="75" hits="1" branch="false" />
                <line number="76" hits="1" branch="false" />
              </lines>
            </method>
            <method name="Notify" signature="(System.String)" line-rate="1" branch-rate="1" complexity="NaN">
              <lines>
                <line number="49" hits="24" branch="false" />
                <line number="50" hits="24" branch="true" condition-coverage="100% (2/2)" />
                <line number="51" hits="4" branch="false" />
                <line number="52" hits="4" branch="false" />
                <line number="53" hits="4" branch="false" />
                <line number="54" hits="24" branch="false" />
              </lines>
            </method>
            <method name="NotifyAllProperties" signature="()" line-rate="1" branch-rate="1" complexity="1">
              <lines>
                <line number="58" hits="6" branch="false" />
                <line number="59" hits="6" branch="false" />
                <line number="60" hits="6" branch="false" />
                <line number="61" hits="6" branch="false" />
                <line number="62" hits="6" branch="false" />
                <line number="63" hits="6" branch="false" />
              </lines>
            </method>
            <method name=".ctor" signature="(DrawingModel.Model)" line-rate="1" branch-rate="1" complexity="NaN">
              <lines>
                <line number="66" hits="22" branch="false" />
                <line number="67" hits="22" branch="false" />
                <line number="68" hits="22" branch="false" />
                <line number="69" hits="22" branch="false" />
              </lines>
            </method>
            <method name="HandleStateChanged" signature="()" line-rate="1" branch-rate="1" complexity="3">
              <lines>
                <line number="81" hits="3" branch="false" />
                <line number="82" hits="3" branch="true" condition-coverage="100% (2/2)" />
                <line number="83" hits="1" branch="false" />
                <line number="84" hits="1" branch="false" />
                <line number="85" hits="1" branch="false" />
                <line number="86" hits="2" branch="true" condition-coverage="100% (2/2)" />
                <line number="87" hits="1" branch="false" />
                <line number="88" hits="1" branch="false" />
                <line number="89" hits="1" branch="false" />
                <line number="91" hits="1" branch="false" />
                <line number="92" hits="1" branch="false" />
                <line number="93" hits="1" branch="false" />
                <line number="94" hits="3" branch="false" />
              </lines>
            </method>
            <method name="Draw" signature="(System.Drawing.Graphics)" line-rate="1" branch-rate="1" complexity="NaN">
              <lines>
                <line number="98" hits="1" branch="false" />
                <line number="99" hits="1" branch="false" />
                <line number="100" hits="1" branch="false" />
              </lines>
            </method>
            <method name="HandleCanvasPressed" signature="(System.Single,System.Single)" line-rate="1" branch-rate="1" complexity="NaN">
              <lines>
                <line number="104" hits="1" branch="false" />
                <line number="105" hits="1" branch="false" />
                <line number="106" hits="1" branch="false" />
              </lines>
            </method>
            <method name="HandleCanvasMoved" signature="(System.Single,System.Single)" line-rate="1" branch-rate="1" complexity="NaN">
              <lines>
                <line number="110" hits="1" branch="false" />
                <line number="111" hits="1" branch="false" />
                <line number="112" hits="1" branch="false" />
              </lines>
            </method>
            <method name="HandleCanvasReleased" signature="(System.Single,System.Single)" line-rate="1" branch-rate="1" complexity="NaN">
              <lines>
                <line number="116" hits="2" branch="false" />
                <line number="117" hits="2" branch="true" condition-coverage="100% (2/2)" />
                <line number="118" hits="1" branch="false" />
                <line number="119" hits="1" branch="false" />
                <line number="120" hits="1" branch="false" />
                <line number="121" hits="1" branch="false" />
                <line number="122" hits="1" branch="false" />
                <line number="123" hits="1" branch="false" />
                <line number="124" hits="1" branch="false" />
                <line number="125" hits="2" branch="false" />
                <line number="126" hits="2" branch="false" />
              </lines>
            </method>
            <method name="GetShapeNameToAdd" signature="(System.String)" line-rate="1" branch-rate="1" complexity="NaN">
              <lines>
                <line number="130" hits="7" branch="false" />
                <line number="131" hits="7" branch="true" condition-coverage="100% (6/6)" />
                <line number="134" hits="3" branch="false" />
                <line number="136" hits="1" branch="false" />
                <line number="138" hits="1" branch="false" />
                <line number="140" hits="2" branch="false" />
                <line number="142" hits="7" branch="false" />
              </lines>
            </method>
            <method name="ProcessAddShapeButton" signature="(System.Object,System.EventArgs,System.Windows.Forms.ComboBox)" line-rate="1" branch-rate="1" complexity="NaN">
              <lines>
                <line number="146" hits="3" branch="false" />
                <line number="147" hits="3" branch="false" />
                <line number="149" hits="3" branch="true" condition-coverage="100% (2/2)" />
                <line number="150" hits="1" branch="false" />
                <line number="151" hits="1" branch="false" />
                <line number="153" hits="2" branch="false" />
                <line number="154" hits="2" branch="false" />
                <line number="155" hits="3" branch="false" />
              </lines>
            </method>
            <method name="ProcessLineBotton" signature="(System.Object,System.EventArgs)" line-rate="1" branch-rate="1" complexity="NaN">
              <lines>
                <line number="159" hits="1" branch="false" />
                <line number="160" hits="1" branch="false" />
                <line number="161" hits="1" branch="false" />
                <line number="162" hits="1" branch="false" />
                <line number="163" hits="1" branch="false" />
                <line number="164" hits="1" branch="false" />
                <line number="165" hits="1" branch="false" />
                <line number="166" hits="1" branch="false" />
                <line number="167" hits="1" branch="false" />
              </lines>
            </method>
            <method name="ProcessRectangleButton" signature="(System.Object,System.EventArgs)" line-rate="1" branch-rate="1" complexity="NaN">
              <lines>
                <line number="171" hits="1" branch="false" />
                <line number="172" hits="1" branch="false" />
                <line number="173" hits="1" branch="false" />
                <line number="174" hits="1" branch="false" />
                <line number="175" hits="1" branch="false" />
                <line number="176" hits="1" branch="false" />
                <line number="177" hits="1" branch="false" />
                <line number="178" hits="1" branch="false" />
                <line number="179" hits="1" branch="false" />
              </lines>
            </method>
            <method name="ProcessEllispeButton" signature="(System.Object,System.EventArgs)" line-rate="1" branch-rate="1" complexity="NaN">
              <lines>
                <line number="183" hits="1" branch="false" />
                <line number="184" hits="1" branch="false" />
                <line number="185" hits="1" branch="false" />
                <line number="186" hits="1" branch="false" />
                <line number="187" hits="1" branch="false" />
                <line number="188" hits="1" branch="false" />
                <line number="189" hits="1" branch="false" />
                <line number="190" hits="1" branch="false" />
                <line number="191" hits="1" branch="false" />
              </lines>
            </method>
            <method name="ProcessCursorButton" signature="(System.Object,System.EventArgs)" line-rate="1" branch-rate="1" complexity="NaN">
              <lines>
                <line number="195" hits="1" branch="false" />
                <line number="196" hits="1" branch="false" />
                <line number="197" hits="1" branch="false" />
                <line number="198" hits="1" branch="false" />
                <line number="199" hits="1" branch="false" />
                <line number="200" hits="1" branch="false" />
                <line number="201" hits="1" branch="false" />
                <line number="202" hits="1" branch="false" />
              </lines>
            </method>
            <method name="HandleKeyDown" signature="(System.Windows.Forms.Keys)" line-rate="1" branch-rate="1" complexity="NaN">
              <lines>
                <line number="206" hits="1" branch="false" />
                <line number="207" hits="1" branch="false" />
                <line number="208" hits="1" branch="false" />
              </lines>
            </method>
          </methods>
          <lines>
            <line number="14" hits="17" branch="false" />
            <line number="18" hits="12" branch="false" />
            <line number="22" hits="14" branch="false" />
            <line number="26" hits="11" branch="false" />
            <line number="31" hits="3" branch="false" />
            <line number="32" hits="3" branch="true" condition-coverage="100% (4/4)" />
            <line number="33" hits="3" branch="false" />
            <line number="38" hits="1" branch="false" />
            <line number="39" hits="1" branch="false" />
            <line number="40" hits="1" branch="false" />
            <line number="42" hits="4" branch="false" />
            <line number="43" hits="4" branch="false" />
            <line number="44" hits="4" branch="false" />
            <line number="49" hits="24" branch="false" />
            <line number="50" hits="24" branch="true" condition-coverage="100% (2/2)" />
            <line number="51" hits="4" branch="false" />
            <line number="52" hits="4" branch="false" />
            <line number="53" hits="4" branch="false" />
            <line number="54" hits="24" branch="false" />
            <line number="58" hits="6" branch="false" />
            <line number="59" hits="6" branch="false" />
            <line number="60" hits="6" branch="false" />
            <line number="61" hits="6" branch="false" />
            <line number="62" hits="6" branch="false" />
            <line number="63" hits="6" branch="false" />
            <line number="66" hits="22" branch="false" />
            <line number="67" hits="22" branch="false" />
            <line number="68" hits="22" branch="false" />
            <line number="69" hits="22" branch="false" />
            <line number="74" hits="1" branch="false" />
            <line number="75" hits="1" branch="false" />
            <line number="76" hits="1" branch="false" />
            <line number="81" hits="3" branch="false" />
            <line number="82" hits="3" branch="true" condition-coverage="100% (2/2)" />
            <line number="83" hits="1" branch="false" />
            <line number="84" hits="1" branch="false" />
            <line number="85" hits="1" branch="false" />
            <line number="86" hits="2" branch="true" condition-coverage="100% (2/2)" />
            <line number="87" hits="1" branch="false" />
            <line number="88" hits="1" branch="false" />
            <line number="89" hits="1" branch="false" />
            <line number="91" hits="1" branch="false" />
            <line number="92" hits="1" branch="false" />
            <line number="93" hits="1" branch="false" />
            <line number="94" hits="3" branch="false" />
            <line number="98" hits="1" branch="false" />
            <line number="99" hits="1" branch="false" />
            <line number="100" hits="1" branch="false" />
            <line number="104" hits="1" branch="false" />
            <line number="105" hits="1" branch="false" />
            <line number="106" hits="1" branch="false" />
            <line number="110" hits="1" branch="false" />
            <line number="111" hits="1" branch="false" />
            <line number="112" hits="1" branch="false" />
            <line number="116" hits="2" branch="false" />
            <line number="117" hits="2" branch="true" condition-coverage="100% (2/2)" />
            <line number="118" hits="1" branch="false" />
            <line number="119" hits="1" branch="false" />
            <line number="120" hits="1" branch="false" />
            <line number="121" hits="1" branch="false" />
            <line number="122" hits="1" branch="false" />
            <line number="123" hits="1" branch="false" />
            <line number="124" hits="1" branch="false" />
            <line number="125" hits="2" branch="false" />
            <line number="126" hits="2" branch="false" />
            <line number="130" hits="7" branch="false" />
            <line number="131" hits="7" branch="true" condition-coverage="100% (6/6)" />
            <line number="134" hits="3" branch="false" />
            <line number="136" hits="1" branch="false" />
            <line number="138" hits="1" branch="false" />
            <line number="140" hits="2" branch="false" />
            <line number="142" hits="7" branch="false" />
            <line number="146" hits="3" branch="false" />
            <line number="147" hits="3" branch="false" />
            <line number="149" hits="3" branch="true" condition-coverage="100% (2/2)" />
            <line number="150" hits="1" branch="false" />
            <line number="151" hits="1" branch="false" />
            <line number="153" hits="2" branch="false" />
            <line number="154" hits="2" branch="false" />
            <line number="155" hits="3" branch="false" />
            <line number="159" hits="1" branch="false" />
            <line number="160" hits="1" branch="false" />
            <line number="161" hits="1" branch="false" />
            <line number="162" hits="1" branch="false" />
            <line number="163" hits="1" branch="false" />
            <line number="164" hits="1" branch="false" />
            <line number="165" hits="1" branch="false" />
            <line number="166" hits="1" branch="false" />
            <line number="167" hits="1" branch="false" />
            <line number="171" hits="1" branch="false" />
            <line number="172" hits="1" branch="false" />
            <line number="173" hits="1" branch="false" />
            <line number="174" hits="1" branch="false" />
            <line number="175" hits="1" branch="false" />
            <line number="176" hits="1" branch="false" />
            <line number="177" hits="1" branch="false" />
            <line number="178" hits="1" branch="false" />
            <line number="179" hits="1" branch="false" />
            <line number="183" hits="1" branch="false" />
            <line number="184" hits="1" branch="false" />
            <line number="185" hits="1" branch="false" />
            <line number="186" hits="1" branch="false" />
            <line number="187" hits="1" branch="false" />
            <line number="188" hits="1" branch="false" />
            <line number="189" hits="1" branch="false" />
            <line number="190" hits="1" branch="false" />
            <line number="191" hits="1" branch="false" />
            <line number="195" hits="1" branch="false" />
            <line number="196" hits="1" branch="false" />
            <line number="197" hits="1" branch="false" />
            <line number="198" hits="1" branch="false" />
            <line number="199" hits="1" branch="false" />
            <line number="200" hits="1" branch="false" />
            <line number="201" hits="1" branch="false" />
            <line number="202" hits="1" branch="false" />
            <line number="206" hits="1" branch="false" />
            <line number="207" hits="1" branch="false" />
            <line number="208" hits="1" branch="false" />
          </lines>
        </class>
        <class name="DrawingModel.FormsGraphicsAdaptor" filename="D:\jun_windows_programming\hw5\PowerPoint\DrawingModel\presentationModel\FormsGraphicsAdaptor.cs" line-rate="1" branch-rate="1" complexity="1">
          <methods>
            <method name=".ctor" signature="(System.Drawing.Graphics)" line-rate="1" branch-rate="1" complexity="NaN">
              <lines>
                <line number="9" hits="8" branch="false" />
                <line number="10" hits="8" branch="false" />
                <line number="11" hits="8" branch="false" />
                <line number="12" hits="8" branch="false" />
              </lines>
            </method>
            <method name="ClearAll" signature="()" line-rate="1" branch-rate="1" complexity="1">
              <lines>
                <line number="16" hits="1" branch="false" />
                <line number="18" hits="1" branch="false" />
              </lines>
            </method>
            <method name="DrawLine" signature="(DrawingModel.Pair,DrawingModel.Pair)" line-rate="1" branch-rate="1" complexity="NaN">
              <lines>
                <line number="22" hits="1" branch="false" />
                <line number="23" hits="1" branch="false" />
                <line number="24" hits="1" branch="false" />
                <line number="25" hits="1" branch="false" />
              </lines>
            </method>
            <method name="DrawRectangle" signature="(DrawingModel.Pair,DrawingModel.Pair)" line-rate="1" branch-rate="1" complexity="NaN">
              <lines>
                <line number="29" hits="1" branch="false" />
                <line number="30" hits="1" branch="false" />
                <line number="31" hits="1" branch="false" />
                <line number="32" hits="1" branch="false" />
                <line number="33" hits="1" branch="false" />
                <line number="34" hits="1" branch="false" />
                <line number="35" hits="1" branch="false" />
                <line number="36" hits="1" branch="false" />
              </lines>
            </method>
            <method name="DrawEllipse" signature="(DrawingModel.Pair,DrawingModel.Pair)" line-rate="1" branch-rate="1" complexity="NaN">
              <lines>
                <line number="40" hits="1" branch="false" />
                <line number="41" hits="1" branch="false" />
                <line number="42" hits="1" branch="false" />
                <line number="43" hits="1" branch="false" />
                <line number="44" hits="1" branch="false" />
                <line number="45" hits="1" branch="false" />
                <line number="46" hits="1" branch="false" />
                <line number="47" hits="1" branch="false" />
              </lines>
            </method>
            <method name="DrawRectangleHandle" signature="(DrawingModel.Pair,DrawingModel.Pair)" line-rate="1" branch-rate="1" complexity="NaN">
              <lines>
                <line number="51" hits="1" branch="false" />
                <line number="52" hits="1" branch="false" />
                <line number="53" hits="1" branch="false" />
                <line number="54" hits="1" branch="false" />
                <line number="55" hits="20" branch="true" condition-coverage="100% (2/2)" />
                <line number="56" hits="9" branch="false" />
                <line number="57" hits="9" branch="true" condition-coverage="100% (2/2)" />
                <line number="58" hits="1" branch="false" />
                <line number="59" hits="8" branch="false" />
                <line number="60" hits="8" branch="false" />
                <line number="61" hits="8" branch="false" />
                <line number="62" hits="8" branch="false" />
                <line number="63" hits="1" branch="false" />
              </lines>
            </method>
            <method name="DrawLineHandle" signature="(DrawingModel.Pair,DrawingModel.Pair)" line-rate="1" branch-rate="1" complexity="NaN">
              <lines>
                <line number="67" hits="1" branch="false" />
                <line number="68" hits="1" branch="false" />
                <line number="69" hits="1" branch="false" />
                <line number="70" hits="1" branch="false" />
                <line number="71" hits="1" branch="false" />
                <line number="72" hits="1" branch="false" />
              </lines>
            </method>
          </methods>
          <lines>
            <line number="9" hits="8" branch="false" />
            <line number="10" hits="8" branch="false" />
            <line number="11" hits="8" branch="false" />
            <line number="12" hits="8" branch="false" />
            <line number="16" hits="1" branch="false" />
            <line number="18" hits="1" branch="false" />
            <line number="22" hits="1" branch="false" />
            <line number="23" hits="1" branch="false" />
            <line number="24" hits="1" branch="false" />
            <line number="25" hits="1" branch="false" />
            <line number="29" hits="1" branch="false" />
            <line number="30" hits="1" branch="false" />
            <line number="31" hits="1" branch="false" />
            <line number="32" hits="1" branch="false" />
            <line number="33" hits="1" branch="false" />
            <line number="34" hits="1" branch="false" />
            <line number="35" hits="1" branch="false" />
            <line number="36" hits="1" branch="false" />
            <line number="40" hits="1" branch="false" />
            <line number="41" hits="1" branch="false" />
            <line number="42" hits="1" branch="false" />
            <line number="43" hits="1" branch="false" />
            <line number="44" hits="1" branch="false" />
            <line number="45" hits="1" branch="false" />
            <line number="46" hits="1" branch="false" />
            <line number="47" hits="1" branch="false" />
            <line number="51" hits="1" branch="false" />
            <line number="52" hits="1" branch="false" />
            <line number="53" hits="1" branch="false" />
            <line number="54" hits="1" branch="false" />
            <line number="55" hits="20" branch="true" condition-coverage="100% (2/2)" />
            <line number="56" hits="9" branch="false" />
            <line number="57" hits="9" branch="true" condition-coverage="100% (2/2)" />
            <line number="58" hits="1" branch="false" />
            <line number="59" hits="8" branch="false" />
            <line number="60" hits="8" branch="false" />
            <line number="61" hits="8" branch="false" />
            <line number="62" hits="8" branch="false" />
            <line number="63" hits="1" branch="false" />
            <line number="67" hits="1" branch="false" />
            <line number="68" hits="1" branch="false" />
            <line number="69" hits="1" branch="false" />
            <line number="70" hits="1" branch="false" />
            <line number="71" hits="1" branch="false" />
            <line number="72" hits="1" branch="false" />
          </lines>
        </class>
        <class name="DrawingModel.IdleState" filename="D:\jun_windows_programming\hw5\PowerPoint\DrawingModel\states\IdleState.cs" line-rate="1" branch-rate="1" complexity="NaN">
          <methods>
            <method name=".ctor" signature="(DrawingModel.Model)" line-rate="1" branch-rate="1" complexity="NaN">
              <lines>
                <line number="10" hits="75" branch="false" />
                <line number="11" hits="75" branch="false" />
                <line number="12" hits="75" branch="false" />
                <line number="13" hits="75" branch="false" />
                <line number="14" hits="75" branch="false" />
                <line number="15" hits="75" branch="false" />
              </lines>
            </method>
            <method name="Draw" signature="(DrawingModel.IGraphics)" line-rate="1" branch-rate="1" complexity="NaN">
              <lines>
                <line number="19" hits="2" branch="false" />
                <line number="20" hits="2" branch="false" />
              </lines>
            </method>
            <method name="MouseDown" signature="(System.Single,System.Single)" line-rate="1" branch-rate="1" complexity="NaN">
              <lines>
                <line number="24" hits="2" branch="false" />
                <line number="25" hits="2" branch="false" />
              </lines>
            </method>
            <method name="MouseMove" signature="(System.Single,System.Single)" line-rate="1" branch-rate="1" complexity="NaN">
              <lines>
                <line number="29" hits="2" branch="false" />
                <line number="30" hits="2" branch="false" />
              </lines>
            </method>
            <method name="MouseUp" signature="(System.Single,System.Single)" line-rate="1" branch-rate="1" complexity="NaN">
              <lines>
                <line number="34" hits="5" branch="false" />
                <line number="35" hits="18" branch="false" />
                <line number="36" hits="2" branch="false" />
                <line number="37" hits="2" branch="true" condition-coverage="100% (2/2)" />
                <line number="38" hits="1" branch="false" />
                <line number="39" hits="1" branch="false" />
                <line number="40" hits="1" branch="false" />
                <line number="41" hits="1" branch="false" />
                <line number="42" hits="1" branch="false" />
                <line number="43" hits="1" branch="false" />
                <line number="45" hits="1" branch="false" />
                <line number="46" hits="5" branch="false" />
              </lines>
            </method>
            <method name="KeyPressed" signature="(System.Windows.Forms.Keys)" line-rate="1" branch-rate="1" complexity="NaN">
              <lines>
                <line number="50" hits="2" branch="false" />
                <line number="51" hits="2" branch="false" />
              </lines>
            </method>
          </methods>
          <lines>
            <line number="10" hits="75" branch="false" />
            <line number="11" hits="75" branch="false" />
            <line number="12" hits="75" branch="false" />
            <line number="13" hits="75" branch="false" />
            <line number="14" hits="75" branch="false" />
            <line number="15" hits="75" branch="false" />
            <line number="19" hits="2" branch="false" />
            <line number="20" hits="2" branch="false" />
            <line number="24" hits="2" branch="false" />
            <line number="25" hits="2" branch="false" />
            <line number="29" hits="2" branch="false" />
            <line number="30" hits="2" branch="false" />
            <line number="34" hits="5" branch="false" />
            <line number="35" hits="18" branch="false" />
            <line number="36" hits="2" branch="false" />
            <line number="37" hits="2" branch="true" condition-coverage="100% (2/2)" />
            <line number="38" hits="1" branch="false" />
            <line number="39" hits="1" branch="false" />
            <line number="40" hits="1" branch="false" />
            <line number="41" hits="1" branch="false" />
            <line number="42" hits="1" branch="false" />
            <line number="43" hits="1" branch="false" />
            <line number="45" hits="1" branch="false" />
            <line number="46" hits="5" branch="false" />
            <line number="50" hits="2" branch="false" />
            <line number="51" hits="2" branch="false" />
          </lines>
        </class>
        <class name="DrawingModel.Line" filename="D:\jun_windows_programming\hw5\PowerPoint\DrawingModel\shape\Line.cs" line-rate="1" branch-rate="1" complexity="2">
          <methods>
            <method name=".ctor" signature="()" line-rate="1" branch-rate="1" complexity="1">
              <lines>
                <line number="7" hits="19" branch="false" />
                <line number="8" hits="19" branch="false" />
                <line number="9" hits="19" branch="false" />
                <line number="10" hits="19" branch="false" />
              </lines>
            </method>
            <method name=".ctor" signature="(DrawingModel.Pair,DrawingModel.Pair)" line-rate="1" branch-rate="1" complexity="NaN">
              <lines>
                <line number="12" hits="24" branch="false" />
                <line number="13" hits="24" branch="false" />
                <line number="14" hits="24" branch="false" />
                <line number="15" hits="24" branch="false" />
                <line number="16" hits="24" branch="false" />
                <line number="17" hits="24" branch="false" />
              </lines>
            </method>
            <method name="GetInfo" signature="()" line-rate="1" branch-rate="1" complexity="1">
              <lines>
                <line number="21" hits="2" branch="false" />
                <line number="22" hits="2" branch="false" />
                <line number="23" hits="2" branch="false" />
              </lines>
            </method>
            <method name="Draw" signature="(DrawingModel.IGraphics)" line-rate="1" branch-rate="1" complexity="NaN">
              <lines>
                <line number="27" hits="2" branch="false" />
                <line number="28" hits="2" branch="false" />
                <line number="29" hits="2" branch="true" condition-coverage="100% (2/2)" />
                <line number="30" hits="1" branch="false" />
                <line number="31" hits="1" branch="false" />
                <line number="32" hits="1" branch="false" />
                <line number="33" hits="2" branch="false" />
              </lines>
            </method>
            <method name="IsInBox" signature="(DrawingModel.Pair,DrawingModel.Pair,DrawingModel.Pair)" line-rate="1" branch-rate="1" complexity="NaN">
              <lines>
                <line number="37" hits="18" branch="false" />
                <line number="38" hits="18" branch="false" />
                <line number="39" hits="18" branch="true" condition-coverage="100% (2/2)" />
                <line number="40" hits="18" branch="false" />
              </lines>
            </method>
            <method name="CalculateDistance" signature="(System.Single,System.Single)" line-rate="1" branch-rate="1" complexity="NaN">
              <lines>
                <line number="44" hits="13" branch="false" />
                <line number="45" hits="13" branch="false" />
                <line number="46" hits="13" branch="true" condition-coverage="100% (2/2)" />
                <line number="47" hits="1" branch="false" />
                <line number="48" hits="1" branch="false" />
                <line number="50" hits="12" branch="false" />
                <line number="51" hits="12" branch="false" />
                <line number="52" hits="12" branch="false" />
                <line number="53" hits="13" branch="false" />
              </lines>
            </method>
            <method name="IsInShape" signature="(System.Single,System.Single)" line-rate="1" branch-rate="1" complexity="NaN">
              <lines>
                <line number="57" hits="12" branch="false" />
                <line number="58" hits="12" branch="false" />
                <line number="59" hits="12" branch="false" />
                <line number="60" hits="12" branch="false" />
                <line number="61" hits="12" branch="false" />
                <line number="63" hits="12" branch="true" condition-coverage="100% (2/2)" />
                <line number="64" hits="12" branch="false" />
              </lines>
            </method>
          </methods>
          <lines>
            <line number="7" hits="19" branch="false" />
            <line number="8" hits="19" branch="false" />
            <line number="9" hits="19" branch="false" />
            <line number="10" hits="19" branch="false" />
            <line number="12" hits="24" branch="false" />
            <line number="13" hits="24" branch="false" />
            <line number="14" hits="24" branch="false" />
            <line number="15" hits="24" branch="false" />
            <line number="16" hits="24" branch="false" />
            <line number="17" hits="24" branch="false" />
            <line number="21" hits="2" branch="false" />
            <line number="22" hits="2" branch="false" />
            <line number="23" hits="2" branch="false" />
            <line number="27" hits="2" branch="false" />
            <line number="28" hits="2" branch="false" />
            <line number="29" hits="2" branch="true" condition-coverage="100% (2/2)" />
            <line number="30" hits="1" branch="false" />
            <line number="31" hits="1" branch="false" />
            <line number="32" hits="1" branch="false" />
            <line number="33" hits="2" branch="false" />
            <line number="37" hits="18" branch="false" />
            <line number="38" hits="18" branch="false" />
            <line number="39" hits="18" branch="true" condition-coverage="100% (2/2)" />
            <line number="40" hits="18" branch="false" />
            <line number="44" hits="13" branch="false" />
            <line number="45" hits="13" branch="false" />
            <line number="46" hits="13" branch="true" condition-coverage="100% (2/2)" />
            <line number="47" hits="1" branch="false" />
            <line number="48" hits="1" branch="false" />
            <line number="50" hits="12" branch="false" />
            <line number="51" hits="12" branch="false" />
            <line number="52" hits="12" branch="false" />
            <line number="53" hits="13" branch="false" />
            <line number="57" hits="12" branch="false" />
            <line number="58" hits="12" branch="false" />
            <line number="59" hits="12" branch="false" />
            <line number="60" hits="12" branch="false" />
            <line number="61" hits="12" branch="false" />
            <line number="63" hits="12" branch="true" condition-coverage="100% (2/2)" />
            <line number="64" hits="12" branch="false" />
          </lines>
        </class>
        <class name="DrawingModel.Model" filename="D:\jun_windows_programming\hw5\PowerPoint\DrawingModel\Model.cs" line-rate="1" branch-rate="1" complexity="5">
          <methods>
            <method name="Shapes" signature="()" line-rate="1" branch-rate="1" complexity="NaN">
              <lines>
                <line number="19" hits="83" branch="false" />
                <line number="20" hits="83" branch="false" />
                <line number="21" hits="83" branch="false" />
              </lines>
            </method>
            <method name="Hint" signature="()" line-rate="1" branch-rate="1" complexity="NaN">
              <lines>
                <line number="27" hits="16" branch="false" />
                <line number="28" hits="16" branch="false" />
                <line number="29" hits="16" branch="false" />
              </lines>
            </method>
            <method name="CurrentState" signature="()" line-rate="1" branch-rate="1" complexity="NaN">
              <lines>
                <line number="35" hits="6" branch="false" />
                <line number="36" hits="6" branch="false" />
                <line number="37" hits="6" branch="false" />
              </lines>
            </method>
            <method name="CurrentState" signature="(DrawingModel.ModelState)" line-rate="1" branch-rate="1" complexity="NaN">
              <lines>
                <line number="39" hits="14" branch="false" />
                <line number="40" hits="14" branch="false" />
                <line number="41" hits="14" branch="false" />
              </lines>
            </method>
            <method name="AdjustPoint" signature="()" line-rate="1" branch-rate="1" complexity="NaN">
              <lines>
                <line number="47" hits="1" branch="false" />
                <line number="48" hits="1" branch="false" />
                <line number="49" hits="1" branch="false" />
              </lines>
            </method>
            <method name="AdjustPoint" signature="(DrawingModel.Pair)" line-rate="1" branch-rate="1" complexity="NaN">
              <lines>
                <line number="51" hits="18" branch="false" />
                <line number="52" hits="18" branch="false" />
                <line number="53" hits="18" branch="false" />
              </lines>
            </method>
            <method name="IsCloseToAdjust" signature="()" line-rate="1" branch-rate="1" complexity="NaN">
              <lines>
                <line number="59" hits="5" branch="false" />
                <line number="60" hits="5" branch="false" />
                <line number="61" hits="5" branch="false" />
              </lines>
            </method>
            <method name="IsCloseToAdjust" signature="(System.Boolean)" line-rate="1" branch-rate="1" complexity="NaN">
              <lines>
                <line number="63" hits="6" branch="false" />
                <line number="64" hits="6" branch="false" />
                <line number="65" hits="6" branch="false" />
              </lines>
            </method>
            <method name=".ctor" signature="()" line-rate="1" branch-rate="1" complexity="1">
              <lines>
                <line number="67" hits="65" branch="false" />
                <line number="68" hits="65" branch="false" />
                <line number="69" hits="65" branch="false" />
                <line number="70" hits="65" branch="false" />
                <line number="71" hits="65" branch="false" />
              </lines>
            </method>
            <method name="RemoveShape" signature="(System.Int32)" line-rate="1" branch-rate="1" complexity="NaN">
              <lines>
                <line number="75" hits="2" branch="false" />
                <line number="76" hits="2" branch="false" />
                <line number="77" hits="2" branch="false" />
              </lines>
            </method>
            <method name="ClearShapes" signature="()" line-rate="1" branch-rate="1" complexity="1">
              <lines>
                <line number="81" hits="1" branch="false" />
                <line number="82" hits="1" branch="false" />
                <line number="83" hits="1" branch="false" />
              </lines>
            </method>
            <method name="SetShapeSelected" signature="(System.Boolean)" line-rate="1" branch-rate="1" complexity="NaN">
              <lines>
                <line number="87" hits="89" branch="false" />
                <line number="88" hits="89" branch="false" />
                <line number="89" hits="89" branch="false" />
              </lines>
            </method>
            <method name="HandleCanvasPressed" signature="(System.Single,System.Single)" line-rate="1" branch-rate="1" complexity="NaN">
              <lines>
                <line number="93" hits="3" branch="false" />
                <line number="94" hits="3" branch="false" />
                <line number="95" hits="3" branch="false" />
              </lines>
            </method>
            <method name="HandleCanvasMoved" signature="(System.Single,System.Single)" line-rate="1" branch-rate="1" complexity="NaN">
              <lines>
                <line number="99" hits="2" branch="false" />
                <line number="100" hits="2" branch="false" />
                <line number="101" hits="2" branch="false" />
              </lines>
            </method>
            <method name="HandleCanvasReleased" signature="(System.Single,System.Single)" line-rate="1" branch-rate="1" complexity="NaN">
              <lines>
                <line number="105" hits="3" branch="false" />
                <line number="106" hits="3" branch="false" />
                <line number="107" hits="3" branch="false" />
              </lines>
            </method>
            <method name="HandleKeyDown" signature="(System.Windows.Forms.Keys)" line-rate="1" branch-rate="1" complexity="NaN">
              <lines>
                <line number="111" hits="2" branch="false" />
                <line number="112" hits="2" branch="false" />
                <line number="113" hits="2" branch="false" />
              </lines>
            </method>
            <method name="AddShape" signature="(System.String)" line-rate="1" branch-rate="1" complexity="NaN">
              <lines>
                <line number="117" hits="3" branch="false" />
                <line number="118" hits="3" branch="false" />
                <line number="119" hits="3" branch="false" />
                <line number="120" hits="3" branch="false" />
                <line number="121" hits="3" branch="false" />
                <line number="122" hits="3" branch="false" />
                <line number="123" hits="3" branch="false" />
              </lines>
            </method>
            <method name="AddShape" signature="(DrawingModel.Shape)" line-rate="1" branch-rate="1" complexity="NaN">
              <lines>
                <line number="127" hits="4" branch="false" />
                <line number="128" hits="4" branch="false" />
                <line number="129" hits="4" branch="false" />
              </lines>
            </method>
            <method name="AddHintToShapes" signature="()" line-rate="1" branch-rate="1" complexity="1">
              <lines>
                <line number="133" hits="2" branch="false" />
                <line number="134" hits="2" branch="false" />
                <line number="135" hits="2" branch="false" />
              </lines>
            </method>
            <method name="Draw" signature="(DrawingModel.IGraphics)" line-rate="1" branch-rate="1" complexity="NaN">
              <lines>
                <line number="139" hits="2" branch="false" />
                <line number="140" hits="10" branch="false" />
                <line number="141" hits="2" branch="false" />
                <line number="142" hits="2" branch="false" />
                <line number="143" hits="2" branch="false" />
                <line number="144" hits="2" branch="false" />
                <line number="145" hits="2" branch="false" />
              </lines>
            </method>
            <method name="NotifyModelChanged" signature="()" line-rate="1" branch-rate="1" complexity="2">
              <lines>
                <line number="149" hits="106" branch="false" />
                <line number="150" hits="106" branch="true" condition-coverage="100% (2/2)" />
                <line number="151" hits="4" branch="false" />
                <line number="152" hits="106" branch="false" />
              </lines>
            </method>
            <method name="SetHint" signature="(DrawingModel.Shape)" line-rate="1" branch-rate="1" complexity="NaN">
              <lines>
                <line number="156" hits="12" branch="false" />
                <line number="157" hits="12" branch="false" />
                <line number="158" hits="12" branch="false" />
              </lines>
            </method>
            <method name="DrawHint" signature="(DrawingModel.IGraphics)" line-rate="1" branch-rate="1" complexity="NaN">
              <lines>
                <line number="162" hits="2" branch="false" />
                <line number="163" hits="2" branch="false" />
                <line number="164" hits="2" branch="false" />
              </lines>
            </method>
            <method name="SetHintFirstPoint" signature="(System.Single,System.Single)" line-rate="1" branch-rate="1" complexity="NaN">
              <lines>
                <line number="168" hits="4" branch="false" />
                <line number="169" hits="4" branch="false" />
                <line number="170" hits="4" branch="false" />
                <line number="171" hits="4" branch="false" />
              </lines>
            </method>
            <method name="SetHintSecondPoint" signature="(System.Single,System.Single)" line-rate="1" branch-rate="1" complexity="NaN">
              <lines>
                <line number="175" hits="3" branch="false" />
                <line number="176" hits="3" branch="false" />
                <line number="177" hits="3" branch="false" />
                <line number="178" hits="3" branch="false" />
              </lines>
            </method>
            <method name="IsCloseToAdjustPoint" signature="(System.Single,System.Single)" line-rate="1" branch-rate="1" complexity="NaN">
              <lines>
                <line number="182" hits="14" branch="false" />
                <line number="183" hits="14" branch="false" />
                <line number="184" hits="14" branch="false" />
                <line number="185" hits="14" branch="false" />
                <line number="186" hits="14" branch="false" />
                <line number="187" hits="14" branch="false" />
              </lines>
            </method>
          </methods>
          <lines>
            <line number="19" hits="83" branch="false" />
            <line number="20" hits="83" branch="false" />
            <line number="21" hits="83" branch="false" />
            <line number="27" hits="16" branch="false" />
            <line number="28" hits="16" branch="false" />
            <line number="29" hits="16" branch="false" />
            <line number="35" hits="6" branch="false" />
            <line number="36" hits="6" branch="false" />
            <line number="37" hits="6" branch="false" />
            <line number="39" hits="14" branch="false" />
            <line number="40" hits="14" branch="false" />
            <line number="41" hits="14" branch="false" />
            <line number="47" hits="1" branch="false" />
            <line number="48" hits="1" branch="false" />
            <line number="49" hits="1" branch="false" />
            <line number="51" hits="18" branch="false" />
            <line number="52" hits="18" branch="false" />
            <line number="53" hits="18" branch="false" />
            <line number="59" hits="5" branch="false" />
            <line number="60" hits="5" branch="false" />
            <line number="61" hits="5" branch="false" />
            <line number="63" hits="6" branch="false" />
            <line number="64" hits="6" branch="false" />
            <line number="65" hits="6" branch="false" />
            <line number="67" hits="65" branch="false" />
            <line number="68" hits="65" branch="false" />
            <line number="69" hits="65" branch="false" />
            <line number="70" hits="65" branch="false" />
            <line number="71" hits="65" branch="false" />
            <line number="75" hits="2" branch="false" />
            <line number="76" hits="2" branch="false" />
            <line number="77" hits="2" branch="false" />
            <line number="81" hits="1" branch="false" />
            <line number="82" hits="1" branch="false" />
            <line number="83" hits="1" branch="false" />
            <line number="87" hits="89" branch="false" />
            <line number="88" hits="89" branch="false" />
            <line number="89" hits="89" branch="false" />
            <line number="93" hits="3" branch="false" />
            <line number="94" hits="3" branch="false" />
            <line number="95" hits="3" branch="false" />
            <line number="99" hits="2" branch="false" />
            <line number="100" hits="2" branch="false" />
            <line number="101" hits="2" branch="false" />
            <line number="105" hits="3" branch="false" />
            <line number="106" hits="3" branch="false" />
            <line number="107" hits="3" branch="false" />
            <line number="111" hits="2" branch="false" />
            <line number="112" hits="2" branch="false" />
            <line number="113" hits="2" branch="false" />
            <line number="117" hits="3" branch="false" />
            <line number="118" hits="3" branch="false" />
            <line number="119" hits="3" branch="false" />
            <line number="120" hits="3" branch="false" />
            <line number="121" hits="3" branch="false" />
            <line number="122" hits="3" branch="false" />
            <line number="123" hits="3" branch="false" />
            <line number="127" hits="4" branch="false" />
            <line number="128" hits="4" branch="false" />
            <line number="129" hits="4" branch="false" />
            <line number="133" hits="2" branch="false" />
            <line number="134" hits="2" branch="false" />
            <line number="135" hits="2" branch="false" />
            <line number="139" hits="2" branch="false" />
            <line number="140" hits="10" branch="false" />
            <line number="141" hits="2" branch="false" />
            <line number="142" hits="2" branch="false" />
            <line number="143" hits="2" branch="false" />
            <line number="144" hits="2" branch="false" />
            <line number="145" hits="2" branch="false" />
            <line number="149" hits="106" branch="false" />
            <line number="150" hits="106" branch="true" condition-coverage="100% (2/2)" />
            <line number="151" hits="4" branch="false" />
            <line number="152" hits="106" branch="false" />
            <line number="156" hits="12" branch="false" />
            <line number="157" hits="12" branch="false" />
            <line number="158" hits="12" branch="false" />
            <line number="162" hits="2" branch="false" />
            <line number="163" hits="2" branch="false" />
            <line number="164" hits="2" branch="false" />
            <line number="168" hits="4" branch="false" />
            <line number="169" hits="4" branch="false" />
            <line number="170" hits="4" branch="false" />
            <line number="171" hits="4" branch="false" />
            <line number="175" hits="3" branch="false" />
            <line number="176" hits="3" branch="false" />
            <line number="177" hits="3" branch="false" />
            <line number="178" hits="3" branch="false" />
            <line number="182" hits="14" branch="false" />
            <line number="183" hits="14" branch="false" />
            <line number="184" hits="14" branch="false" />
            <line number="185" hits="14" branch="false" />
            <line number="186" hits="14" branch="false" />
            <line number="187" hits="14" branch="false" />
          </lines>
        </class>
        <class name="DrawingModel.Pair" filename="D:\jun_windows_programming\hw5\PowerPoint\DrawingModel\utils\Pair.cs" line-rate="1" branch-rate="1" complexity="2">
          <methods>
            <method name="Number1" signature="()" line-rate="1" branch-rate="1" complexity="NaN">
              <lines>
                <line number="25" hits="690" branch="false" />
              </lines>
            </method>
            <method name="Number1" signature="(System.Single)" line-rate="1" branch-rate="1" complexity="NaN">
              <lines>
                <line number="24" hits="717" branch="false" />
              </lines>
            </method>
            <method name="Number2" signature="()" line-rate="1" branch-rate="1" complexity="NaN">
              <lines>
                <line number="31" hits="649" branch="false" />
              </lines>
            </method>
            <method name="Number2" signature="(System.Single)" line-rate="1" branch-rate="1" complexity="NaN">
              <lines>
                <line number="30" hits="717" branch="false" />
              </lines>
            </method>
            <method name=".ctor" signature="(System.Single,System.Single)" line-rate="1" branch-rate="1" complexity="NaN">
              <lines>
                <line number="6" hits="465" branch="false" />
                <line number="7" hits="465" branch="false" />
                <line number="8" hits="465" branch="false" />
                <line number="9" hits="465" branch="false" />
                <line number="10" hits="465" branch="false" />
              </lines>
            </method>
            <method name=".ctor" signature="()" line-rate="1" branch-rate="1" complexity="1">
              <lines>
                <line number="12" hits="238" branch="false" />
                <line number="13" hits="238" branch="false" />
                <line number="14" hits="238" branch="false" />
                <line number="15" hits="238" branch="false" />
                <line number="16" hits="238" branch="false" />
              </lines>
            </method>
            <method name=".ctor" signature="(DrawingModel.Pair)" line-rate="1" branch-rate="1" complexity="NaN">
              <lines>
                <line number="17" hits="7" branch="false" />
                <line number="18" hits="7" branch="false" />
                <line number="19" hits="7" branch="false" />
                <line number="20" hits="7" branch="false" />
                <line number="21" hits="7" branch="false" />
              </lines>
            </method>
            <method name="GetInfo" signature="()" line-rate="1" branch-rate="1" complexity="1">
              <lines>
                <line number="36" hits="23" branch="false" />
                <line number="37" hits="23" branch="false" />
                <line number="38" hits="23" branch="false" />
              </lines>
            </method>
            <method name="op_Subtraction" signature="(DrawingModel.Pair,DrawingModel.Pair)" line-rate="1" branch-rate="1" complexity="NaN">
              <lines>
                <line number="42" hits="59" branch="false" />
                <line number="43" hits="59" branch="false" />
                <line number="44" hits="59" branch="false" />
              </lines>
            </method>
            <method name="op_Addition" signature="(DrawingModel.Pair,DrawingModel.Pair)" line-rate="1" branch-rate="1" complexity="NaN">
              <lines>
                <line number="48" hits="43" branch="false" />
                <line number="49" hits="43" branch="false" />
                <line number="50" hits="43" branch="false" />
              </lines>
            </method>
            <method name="op_Division" signature="(DrawingModel.Pair,System.Int32)" line-rate="1" branch-rate="1" complexity="NaN">
              <lines>
                <line number="54" hits="2" branch="false" />
                <line number="55" hits="2" branch="false" />
                <line number="56" hits="2" branch="false" />
              </lines>
            </method>
            <method name="op_GreaterThanOrEqual" signature="(DrawingModel.Pair,DrawingModel.Pair)" line-rate="1" branch-rate="1" complexity="NaN">
              <lines>
                <line number="60" hits="15" branch="false" />
                <line number="61" hits="15" branch="true" condition-coverage="100% (2/2)" />
                <line number="62" hits="15" branch="false" />
              </lines>
            </method>
            <method name="op_LessThanOrEqual" signature="(DrawingModel.Pair,DrawingModel.Pair)" line-rate="1" branch-rate="1" complexity="NaN">
              <lines>
                <line number="66" hits="16" branch="false" />
                <line number="67" hits="16" branch="true" condition-coverage="100% (2/2)" />
                <line number="68" hits="16" branch="false" />
              </lines>
            </method>
            <method name="op_GreaterThan" signature="(DrawingModel.Pair,DrawingModel.Pair)" line-rate="1" branch-rate="1" complexity="NaN">
              <lines>
                <line number="72" hits="16" branch="false" />
                <line number="73" hits="16" branch="true" condition-coverage="100% (2/2)" />
                <line number="74" hits="16" branch="false" />
              </lines>
            </method>
            <method name="op_LessThan" signature="(DrawingModel.Pair,DrawingModel.Pair)" line-rate="1" branch-rate="1" complexity="NaN">
              <lines>
                <line number="78" hits="22" branch="false" />
                <line number="79" hits="22" branch="true" condition-coverage="100% (2/2)" />
                <line number="80" hits="22" branch="false" />
              </lines>
            </method>
            <method name="op_OnesComplement" signature="(DrawingModel.Pair)" line-rate="1" branch-rate="1" complexity="NaN">
              <lines>
                <line number="84" hits="5" branch="false" />
                <line number="85" hits="5" branch="false" />
                <line number="86" hits="5" branch="false" />
              </lines>
            </method>
          </methods>
          <lines>
            <line number="6" hits="465" branch="false" />
            <line number="7" hits="465" branch="false" />
            <line number="8" hits="465" branch="false" />
            <line number="9" hits="465" branch="false" />
            <line number="10" hits="465" branch="false" />
            <line number="12" hits="238" branch="false" />
            <line number="13" hits="238" branch="false" />
            <line number="14" hits="238" branch="false" />
            <line number="15" hits="238" branch="false" />
            <line number="16" hits="238" branch="false" />
            <line number="17" hits="7" branch="false" />
            <line number="18" hits="7" branch="false" />
            <line number="19" hits="7" branch="false" />
            <line number="20" hits="7" branch="false" />
            <line number="21" hits="7" branch="false" />
            <line number="24" hits="717" branch="false" />
            <line number="25" hits="690" branch="false" />
            <line number="30" hits="717" branch="false" />
            <line number="31" hits="649" branch="false" />
            <line number="36" hits="23" branch="false" />
            <line number="37" hits="23" branch="false" />
            <line number="38" hits="23" branch="false" />
            <line number="42" hits="59" branch="false" />
            <line number="43" hits="59" branch="false" />
            <line number="44" hits="59" branch="false" />
            <line number="48" hits="43" branch="false" />
            <line number="49" hits="43" branch="false" />
            <line number="50" hits="43" branch="false" />
            <line number="54" hits="2" branch="false" />
            <line number="55" hits="2" branch="false" />
            <line number="56" hits="2" branch="false" />
            <line number="60" hits="15" branch="false" />
            <line number="61" hits="15" branch="true" condition-coverage="100% (2/2)" />
            <line number="62" hits="15" branch="false" />
            <line number="66" hits="16" branch="false" />
            <line number="67" hits="16" branch="true" condition-coverage="100% (2/2)" />
            <line number="68" hits="16" branch="false" />
            <line number="72" hits="16" branch="false" />
            <line number="73" hits="16" branch="true" condition-coverage="100% (2/2)" />
            <line number="74" hits="16" branch="false" />
            <line number="78" hits="22" branch="false" />
            <line number="79" hits="22" branch="true" condition-coverage="100% (2/2)" />
            <line number="80" hits="22" branch="false" />
            <line number="84" hits="5" branch="false" />
            <line number="85" hits="5" branch="false" />
            <line number="86" hits="5" branch="false" />
          </lines>
        </class>
        <class name="DrawingModel.PairFactory" filename="D:\jun_windows_programming\hw5\PowerPoint\DrawingModel\PairFactory.cs" line-rate="1" branch-rate="1" complexity="1">
          <methods>
            <method name="GetSeed" signature="()" line-rate="1" branch-rate="1" complexity="1">
              <lines>
                <line number="8" hits="7" branch="false" />
                <line number="9" hits="7" branch="false" />
                <line number="10" hits="7" branch="false" />
                <line number="11" hits="7" branch="false" />
              </lines>
            </method>
            <method name="CreateDoubleNumber" signature="(System.Single,System.Single)" line-rate="1" branch-rate="1" complexity="NaN">
              <lines>
                <line number="15" hits="1" branch="false" />
                <line number="16" hits="1" branch="false" />
                <line number="17" hits="1" branch="false" />
              </lines>
            </method>
            <method name="CreateRandomDoubleNumber" signature="(System.Int32,System.Int32,System.Int32,System.Int32)" line-rate="1" branch-rate="1" complexity="NaN">
              <lines>
                <line number="21" hits="7" branch="false" />
                <line number="22" hits="7" branch="false" />
                <line number="23" hits="7" branch="false" />
                <line number="24" hits="7" branch="false" />
                <line number="25" hits="7" branch="false" />
                <line number="26" hits="7" branch="false" />
              </lines>
            </method>
          </methods>
          <lines>
            <line number="8" hits="7" branch="false" />
            <line number="9" hits="7" branch="false" />
            <line number="10" hits="7" branch="false" />
            <line number="11" hits="7" branch="false" />
            <line number="15" hits="1" branch="false" />
            <line number="16" hits="1" branch="false" />
            <line number="17" hits="1" branch="false" />
            <line number="21" hits="7" branch="false" />
            <line number="22" hits="7" branch="false" />
            <line number="23" hits="7" branch="false" />
            <line number="24" hits="7" branch="false" />
            <line number="25" hits="7" branch="false" />
            <line number="26" hits="7" branch="false" />
          </lines>
        </class>
        <class name="DrawingModel.Program" filename="D:\jun_windows_programming\hw5\PowerPoint\DrawingModel\Program.cs" line-rate="0" branch-rate="1" complexity="1">
          <methods>
            <method name="Main" signature="()" line-rate="0" branch-rate="1" complexity="1">
              <lines>
                <line number="13" hits="0" branch="false" />
                <line number="14" hits="0" branch="false" />
                <line number="15" hits="0" branch="false" />
                <line number="16" hits="0" branch="false" />
                <line number="17" hits="0" branch="false" />
              </lines>
            </method>
          </methods>
          <lines>
            <line number="13" hits="0" branch="false" />
            <line number="14" hits="0" branch="false" />
            <line number="15" hits="0" branch="false" />
            <line number="16" hits="0" branch="false" />
            <line number="17" hits="0" branch="false" />
          </lines>
        </class>
        <class name="DrawingModel.Rectangle" filename="D:\jun_windows_programming\hw5\PowerPoint\DrawingModel\shape\Rectangle.cs" line-rate="1" branch-rate="1" complexity="2">
          <methods>
[...]
              <lines />
            </method>
            <method name="IsVerifiable" signature="()" line-rate="1" branch-rate="1" complexity="NaN">
              <lines />
            </method>
            <method name="Mock" signature="()" line-rate="1" branch-rate="1" complexity="NaN">
              <lines />
            </method>
            <method name="OriginalExpression" signature="()" line-rate="1" branch-rate="1" complexity="NaN">
              <lines />
            </method>
            <method name="IsMatched" signature="()" line-rate="1" branch-rate="1" complexity="NaN">
              <lines />
            </method>
            <method name=".ctor" signature="(System.Linq.Expressions.Expression,Moq.Mock,Moq.Expectation)" line-rate="1" branch-rate="1" complexity="NaN">
              <lines />
            </method>
            <method name="Execute" signature="(Moq.Invocation)" line-rate="1" branch-rate="1" complexity="NaN">
              <lines />
            </method>
            <method name="MarkAsOverridden" signature="()" line-rate="1" branch-rate="1" complexity="1">
              <lines />
            </method>
            <method name="MarkAsVerifiable" signature="()" line-rate="1" branch-rate="1" complexity="1">
              <lines />
            </method>
            <method name="Matches" signature="(Moq.Invocation)" line-rate="1" branch-rate="1" complexity="NaN">
              <lines />
            </method>
            <method name="Matches" signature="(Moq.MethodExpectation)" line-rate="1" branch-rate="1" complexity="NaN">
              <lines />
            </method>
            <method name="SetOutParameters" signature="(Moq.Invocation)" line-rate="1" branch-rate="1" complexity="NaN">
              <lines />
            </method>
            <method name="ToString" signature="()" line-rate="1" branch-rate="1" complexity="1">
              <lines />
            </method>
            <method name="Verify" signature="(System.Boolean,System.Func`2&lt;Moq.ISetup,System.Boolean&gt;,System.Collections.Generic.HashSet`1&lt;Moq.Mock&gt;)" line-rate="1" branch-rate="1" complexity="NaN">
              <lines />
            </method>
            <method name="VerifySelf" signature="()" line-rate="1" branch-rate="1" complexity="2">
              <lines />
            </method>
            <method name="Reset" signature="()" line-rate="1" branch-rate="1" complexity="1">
              <lines />
            </method>
            <method name="ResetCore" signature="()" line-rate="1" branch-rate="1" complexity="1">
              <lines />
            </method>
            <method name="Verify" signature="(System.Boolean)" line-rate="1" branch-rate="1" complexity="NaN">
              <lines />
            </method>
            <method name="VerifyAll" signature="()" line-rate="1" branch-rate="1" complexity="2">
              <lines />
            </method>
            <method name="Verify" signature="(System.Boolean,System.Func`2&lt;Moq.ISetup,System.Boolean&gt;)" line-rate="1" branch-rate="1" complexity="NaN">
              <lines />
            </method>
            <method name="TryGetInnerMockFrom" signature="(System.Object)" line-rate="1" branch-rate="1" complexity="NaN">
              <lines />
            </method>
          </methods>
          <lines />
        </class>
        <class name="Moq.SetupCollection" filename="/_/src/Moq/SetupCollection.cs" line-rate="1" branch-rate="1" complexity="14">
          <methods>
            <method name="Count" signature="()" line-rate="1" branch-rate="1" complexity="NaN">
              <lines />
            </method>
            <method name="Item" signature="(System.Int32)" line-rate="1" branch-rate="1" complexity="NaN">
              <lines />
            </method>
            <method name=".ctor" signature="()" line-rate="1" branch-rate="1" complexity="1">
              <lines />
            </method>
            <method name="Add" signature="(Moq.Setup)" line-rate="1" branch-rate="1" complexity="NaN">
              <lines />
            </method>
            <method name="MarkOverriddenSetups" signature="()" line-rate="1" branch-rate="1" complexity="5">
              <lines />
            </method>
            <method name="Clear" signature="()" line-rate="1" branch-rate="1" complexity="2">
              <lines />
            </method>
            <method name="FindAll" signature="(System.Func`2&lt;Moq.Setup,System.Boolean&gt;)" line-rate="1" branch-rate="1" complexity="NaN">
              <lines />
            </method>
            <method name="FindLast" signature="(System.Func`2&lt;Moq.Setup,System.Boolean&gt;)" line-rate="1" branch-rate="1" complexity="NaN">
              <lines />
            </method>
            <method name="Reset" signature="()" line-rate="1" branch-rate="1" complexity="3">
              <lines />
            </method>
            <method name="GetEnumerator" signature="()" line-rate="1" branch-rate="1" complexity="2">
              <lines />
            </method>
            <method name="System.Collections.IEnumerable.GetEnumerator" signature="()" line-rate="1" branch-rate="1" complexity="1">
              <lines />
            </method>
          </methods>
          <lines />
        </class>
        <class name="Moq.SetupWithOutParameterSupport" filename="/_/src/Moq/SetupWithOutParameterSupport.cs" line-rate="1" branch-rate="1" complexity="NaN">
          <methods>
            <method name=".ctor" signature="(System.Linq.Expressions.Expression,Moq.Mock,Moq.MethodExpectation)" line-rate="1" branch-rate="1" complexity="NaN">
              <lines />
            </method>
            <method name="SetOutParameters" signature="(Moq.Invocation)" line-rate="1" branch-rate="1" complexity="NaN">
              <lines />
            </method>
            <method name="GetOutValues" signature="(System.Collections.Generic.IReadOnlyList`1&lt;System.Linq.Expressions.Expression&gt;,System.Reflection.ParameterInfo[])" line-rate="1" branch-rate="1" complexity="NaN">
              <lines />
            </method>
          </methods>
          <lines />
        </class>
        <class name="Moq.StringBuilderExtensions" filename="/_/src/Moq/StringBuilderExtensions.AppendExpression.cs" line-rate="1" branch-rate="1" complexity="NaN">
          <methods>
            <method name="AppendExpression" signature="(System.Text.StringBuilder,System.Linq.Expressions.Expression)" line-rate="1" branch-rate="1" complexity="NaN">
              <lines />
            </method>
            <method name="AppendElementInit" signature="(System.Text.StringBuilder,System.Linq.Expressions.ElementInit)" line-rate="1" branch-rate="1" complexity="NaN">
              <lines />
            </method>
            <method name="AppendExpression" signature="(System.Text.StringBuilder,System.Linq.Expressions.UnaryExpression)" line-rate="1" branch-rate="1" complexity="NaN">
              <lines />
            </method>
            <method name="AppendExpression" signature="(System.Text.StringBuilder,System.Linq.Expressions.BinaryExpression)" line-rate="1" branch-rate="1" complexity="NaN">
              <lines />
            </method>
            <method name="AppendExpression" signature="(System.Text.StringBuilder,System.Linq.Expressions.TypeBinaryExpression)" line-rate="1" branch-rate="1" complexity="NaN">
              <lines />
            </method>
            <method name="AppendExpression" signature="(System.Text.StringBuilder,System.Linq.Expressions.ConditionalExpression)" line-rate="1" branch-rate="1" complexity="NaN">
              <lines />
            </method>
            <method name="AppendExpression" signature="(System.Text.StringBuilder,System.Linq.Expressions.ParameterExpression)" line-rate="1" branch-rate="1" complexity="NaN">
              <lines />
            </method>
            <method name="AppendExpression" signature="(System.Text.StringBuilder,System.Linq.Expressions.MemberExpression)" line-rate="1" branch-rate="1" complexity="NaN">
              <lines />
            </method>
            <method name="AppendExpression" signature="(System.Text.StringBuilder,System.Linq.Expressions.MethodCallExpression)" line-rate="1" branch-rate="1" complexity="NaN">
              <lines />
            </method>
            <method name="AppendExpression" signature="(System.Text.StringBuilder,System.Linq.Expressions.IndexExpression)" line-rate="1" branch-rate="1" complexity="NaN">
              <lines />
            </method>
            <method name="AppendExpression" signature="(System.Text.StringBuilder,System.Linq.Expressions.LambdaExpression)" line-rate="1" branch-rate="1" complexity="NaN">
              <lines />
            </method>
            <method name="AppendExpression" signature="(System.Text.StringBuilder,System.Linq.Expressions.NewExpression)" line-rate="1" branch-rate="1" complexity="NaN">
              <lines />
            </method>
            <method name="AppendExpression" signature="(System.Text.StringBuilder,System.Linq.Expressions.NewArrayExpression)" line-rate="1" branch-rate="1" complexity="NaN">
              <lines />
            </method>
            <method name="AppendExpression" signature="(System.Text.StringBuilder,System.Linq.Expressions.InvocationExpression)" line-rate="1" branch-rate="1" complexity="NaN">
              <lines />
            </method>
            <method name="AppendExpression" signature="(System.Text.StringBuilder,System.Linq.Expressions.MemberInitExpression)" line-rate="1" branch-rate="1" complexity="NaN">
              <lines />
            </method>
            <method name="AppendExpression" signature="(System.Text.StringBuilder,System.Linq.Expressions.ListInitExpression)" line-rate="1" branch-rate="1" complexity="NaN">
              <lines />
            </method>
            <method name="AppendExpression" signature="(System.Text.StringBuilder,Moq.MatchExpression)" line-rate="1" branch-rate="1" complexity="NaN">
              <lines />
            </method>
          </methods>
          <lines />
        </class>
        <class name="Moq.StringBuilderExtensions" filename="/_/src/Moq/StringBuilderExtensions.cs" line-rate="1" branch-rate="1" complexity="NaN">
          <methods>
            <method name="Append" signature="(System.Text.StringBuilder,System.String,System.Int32)" line-rate="1" branch-rate="1" complexity="NaN">
              <lines />
            </method>
            <method name="AppendCommaSeparated" signature="(System.Text.StringBuilder,System.String,System.Collections.Generic.IEnumerable`1&lt;T&gt;,System.Func`3&lt;System.Text.StringBuilder,T,System.Text.StringBuilder&gt;,System.String)" line-rate="1" branch-rate="1" complexity="NaN">
              <lines />
            </method>
            <method name="AppendCommaSeparated" signature="(System.Text.StringBuilder,System.Collections.Generic.IEnumerable`1&lt;T&gt;,System.Func`3&lt;System.Text.StringBuilder,T,System.Text.StringBuilder&gt;)" line-rate="1" branch-rate="1" complexity="NaN">
              <lines />
            </method>
            <method name="AppendIndented" signature="(System.Text.StringBuilder,System.String,System.Int32,System.Char)" line-rate="1" branch-rate="1" complexity="NaN">
              <lines />
            </method>
            <method name="AppendNameOf" signature="(System.Text.StringBuilder,System.Reflection.MethodBase,System.Boolean)" line-rate="1" branch-rate="1" complexity="NaN">
              <lines />
            </method>
            <method name="AppendNameOf" signature="(System.Text.StringBuilder,System.Type)" line-rate="1" branch-rate="1" complexity="NaN">
              <lines />
            </method>
            <method name="AppendParameterType" signature="(System.Text.StringBuilder,System.Reflection.ParameterInfo)" line-rate="1" branch-rate="1" complexity="NaN">
              <lines />
            </method>
            <method name="AppendValueOf" signature="(System.Text.StringBuilder,System.Object)" line-rate="1" branch-rate="1" complexity="NaN">
              <lines />
            </method>
            <method name="TrimEnd" signature="(System.Text.StringBuilder)" line-rate="1" branch-rate="1" complexity="NaN">
              <lines />
            </method>
          </methods>
          <lines />
        </class>
        <class name="Moq.StubbedPropertiesSetup" filename="/_/src/Moq/StubbedPropertiesSetup.cs" line-rate="1" branch-rate="1" complexity="7">
          <methods>
            <method name="DefaultValueProvider" signature="()" line-rate="1" branch-rate="1" complexity="NaN">
              <lines />
            </method>
            <method name=".ctor" signature="(Moq.Mock,Moq.DefaultValueProvider)" line-rate="1" branch-rate="1" complexity="NaN">
              <lines />
            </method>
            <method name="SetProperty" signature="(System.String,System.Object)" line-rate="1" branch-rate="1" complexity="NaN">
              <lines />
            </method>
            <method name="ExecuteCore" signature="(Moq.Invocation)" line-rate="1" branch-rate="1" complexity="NaN">
              <lines />
            </method>
            <method name="VerifySelf" signature="()" line-rate="1" branch-rate="1" complexity="1">
              <lines />
            </method>
            <method name="Expression" signature="()" line-rate="1" branch-rate="1" complexity="NaN">
              <lines />
            </method>
            <method name=".ctor" signature="(Moq.Mock)" line-rate="1" branch-rate="1" complexity="NaN">
              <lines />
            </method>
            <method name="Equals" signature="(Moq.Expectation)" line-rate="1" branch-rate="1" complexity="NaN">
              <lines />
            </method>
            <method name="GetHashCode" signature="()" line-rate="1" branch-rate="1" complexity="1">
              <lines />
            </method>
            <method name="IsMatch" signature="(Moq.Invocation)" line-rate="1" branch-rate="1" complexity="NaN">
              <lines />
            </method>
            <method name="get_InnerMocks" signature="()" line-rate="1" branch-rate="1" complexity="5">
              <lines />
            </method>
          </methods>
          <lines />
        </class>
        <class name="Moq.StubbedPropertySetup" filename="/_/src/Moq/StubbedPropertySetup.cs" line-rate="1" branch-rate="1" complexity="11">
          <methods>
            <method name=".ctor" signature="(Moq.Mock,System.Linq.Expressions.LambdaExpression,System.Reflection.MethodInfo,System.Reflection.MethodInfo,System.Object)" line-rate="1" branch-rate="1" complexity="NaN">
              <lines />
            </method>
            <method name="ExecuteCore" signature="(Moq.Invocation)" line-rate="1" branch-rate="1" complexity="NaN">
              <lines />
            </method>
            <method name="ToString" signature="()" line-rate="1" branch-rate="1" complexity="1">
              <lines />
            </method>
            <method name="VerifySelf" signature="()" line-rate="1" branch-rate="1" complexity="1">
              <lines />
            </method>
            <method name="Expression" signature="()" line-rate="1" branch-rate="1" complexity="NaN">
              <lines />
            </method>
            <method name=".ctor" signature="(System.Linq.Expressions.LambdaExpression,System.Reflection.MethodInfo,System.Reflection.MethodInfo)" line-rate="1" branch-rate="1" complexity="NaN">
              <lines />
            </method>
            <method name="Equals" signature="(Moq.Expectation)" line-rate="1" branch-rate="1" complexity="NaN">
              <lines />
            </method>
            <method name="GetHashCode" signature="()" line-rate="1" branch-rate="1" complexity="5">
              <lines />
            </method>
            <method name="IsMatch" signature="(Moq.Invocation)" line-rate="1" branch-rate="1" complexity="NaN">
              <lines />
            </method>
            <method name="get_InnerMocks" signature="()" line-rate="1" branch-rate="1" complexity="4">
              <lines />
            </method>
          </methods>
          <lines />
        </class>
        <class name="Moq.Times" filename="/_/src/Moq/Times.cs" line-rate="1" branch-rate="1" complexity="16">
          <methods>
            <method name=".ctor" signature="(Moq.Times/Kind,System.Int32,System.Int32)" line-rate="1" branch-rate="1" complexity="NaN">
              <lines />
            </method>
            <method name="Deconstruct" signature="(System.Int32&amp;,System.Int32&amp;)" line-rate="1" branch-rate="1" complexity="NaN">
              <lines />
            </method>
            <method name="AtLeast" signature="(System.Int32)" line-rate="1" branch-rate="1" complexity="NaN">
              <lines />
            </method>
            <method name="AtLeastOnce" signature="()" line-rate="1" branch-rate="1" complexity="1">
              <lines />
            </method>
            <method name="AtMost" signature="(System.Int32)" line-rate="1" branch-rate="1" complexity="NaN">
              <lines />
            </method>
            <method name="AtMostOnce" signature="()" line-rate="1" branch-rate="1" complexity="1">
              <lines />
            </method>
            <method name="Between" signature="(System.Int32,System.Int32,Moq.Range)" line-rate="1" branch-rate="1" complexity="NaN">
              <lines />
            </method>
            <method name="Exactly" signature="(System.Int32)" line-rate="1" branch-rate="1" complexity="NaN">
              <lines />
            </method>
            <method name="Never" signature="()" line-rate="1" branch-rate="1" complexity="1">
              <lines />
            </method>
            <method name="Once" signature="()" line-rate="1" branch-rate="1" complexity="1">
              <lines />
            </method>
            <method name="Equals" signature="(Moq.Times)" line-rate="1" branch-rate="1" complexity="NaN">
              <lines />
            </method>
            <method name="Equals" signature="(System.Object)" line-rate="1" branch-rate="1" complexity="NaN">
              <lines />
            </method>
            <method name="GetHashCode" signature="()" line-rate="1" branch-rate="1" complexity="1">
              <lines />
            </method>
            <method name="op_Equality" signature="(Moq.Times,Moq.Times)" line-rate="1" branch-rate="1" complexity="NaN">
              <lines />
            </method>
            <method name="op_Inequality" signature="(Moq.Times,Moq.Times)" line-rate="1" branch-rate="1" complexity="NaN">
              <lines />
            </method>
            <method name="ToString" signature="()" line-rate="1" branch-rate="1" complexity="11">
              <lines />
            </method>
            <method name="GetExceptionMessage" signature="(System.Int32)" line-rate="1" branch-rate="1" complexity="NaN">
              <lines />
            </method>
            <method name="Validate" signature="(System.Int32)" line-rate="1" branch-rate="1" complexity="NaN">
              <lines />
            </method>
          </methods>
          <lines />
        </class>
        <class name="Moq.TypeMatcherAttribute" filename="/_/src/Moq/TypeMatcherAttribute.cs" line-rate="1" branch-rate="1" complexity="1">
          <methods>
            <method name="Type" signature="()" line-rate="1" branch-rate="1" complexity="NaN">
              <lines />
            </method>
            <method name=".ctor" signature="()" line-rate="1" branch-rate="1" complexity="1">
              <lines />
            </method>
            <method name=".ctor" signature="(System.Type)" line-rate="1" branch-rate="1" complexity="NaN">
              <lines />
            </method>
          </methods>
          <lines />
        </class>
      </classes>
    </package>
  </packages>
</coverage>