<?xml version="1.0" encoding="utf-8"?>
<CoverageSession xmlns:xsd="http://www.w3.org/2001/XMLSchema" xmlns:xsi="http://www.w3.org/2001/XMLSchema-instance" Version="4.7.922.0">
  <Summary numSequencePoints="867" visitedSequencePoints="0" numBranchPoints="285" visitedBranchPoints="0" sequenceCoverage="0" branchCoverage="0" maxCyclomaticComplexity="5" minCyclomaticComplexity="1" maxCrapScore="30" minCrapScore="2" visitedClasses="0" numClasses="21" visitedMethods="0" numMethods="179" />
  <Modules>
    <Module hash="DD-DB-B2-EE-FA-5A-1B-1A-2E-1C-9C-80-C1-19-53-BB-5B-7B-4B-8C">
      <Summary numSequencePoints="867" visitedSequencePoints="0" numBranchPoints="285" visitedBranchPoints="0" sequenceCoverage="0" branchCoverage="0" maxCyclomaticComplexity="5" minCyclomaticComplexity="1" maxCrapScore="30" minCrapScore="2" visitedClasses="0" numClasses="21" visitedMethods="0" numMethods="179" />
      <ModulePath>D:\jr_windows_programming\hw6\PowerPoint\DrawingModel\bin\Debug\fine-code-coverage\build-output\DrawingModel.exe</ModulePath>
      <ModuleTime>2023-12-11T14:30:52.9720717Z</ModuleTime>
      <ModuleName>DrawingModel</ModuleName>
      <Files>
        <File uid="1" fullPath="D:\jr_windows_programming\hw6\PowerPoint\DrawingModel\command\AddCommand.cs" />
        <File uid="2" fullPath="D:\jr_windows_programming\hw6\PowerPoint\DrawingModel\command\CommandManager.cs.cs" />
        <File uid="3" fullPath="D:\jr_windows_programming\hw6\PowerPoint\DrawingModel\command\DrawCommand.cs" />
        <File uid="4" fullPath="D:\jr_windows_programming\hw6\PowerPoint\DrawingModel\presentationModel\DoubleBufferedPanel.cs" />
        <File uid="5" fullPath="D:\jr_windows_programming\hw6\PowerPoint\DrawingModel\presentationModel\FormPresentationModel.cs" />
        <File uid="6" fullPath="D:\jr_windows_programming\hw6\PowerPoint\DrawingModel\presentationModel\FormsGraphicsAdaptor.cs" />
        <File uid="7" fullPath="D:\jr_windows_programming\hw6\PowerPoint\DrawingModel\presentationModel\ToolStripBindableButton.cs" />
        <File uid="8" fullPath="D:\jr_windows_programming\hw6\PowerPoint\DrawingModel\states\DrawingState.cs" />
        <File uid="9" fullPath="D:\jr_windows_programming\hw6\PowerPoint\DrawingModel\shape\Ellipse.cs" />
        <File uid="10" fullPath="D:\jr_windows_programming\hw6\PowerPoint\DrawingModel\states\IdleState.cs" />
        <File uid="11" fullPath="D:\jr_windows_programming\hw6\PowerPoint\DrawingModel\utils\Pair.cs" />
        <File uid="12" fullPath="D:\jr_windows_programming\hw6\PowerPoint\DrawingModel\PairFactory.cs" />
        <File uid="13" fullPath="D:\jr_windows_programming\hw6\PowerPoint\DrawingModel\FormModel.cs" />
        <File uid="14" fullPath="D:\jr_windows_programming\hw6\PowerPoint\DrawingModel\shape\Line.cs" />
        <File uid="15" fullPath="D:\jr_windows_programming\hw6\PowerPoint\DrawingModel\Model.cs" />
        <File uid="16" fullPath="D:\jr_windows_programming\hw6\PowerPoint\DrawingModel\Program.cs" />
        <File uid="17" fullPath="D:\jr_windows_programming\hw6\PowerPoint\DrawingModel\shape\Rectangle.cs" />
        <File uid="18" fullPath="D:\jr_windows_programming\hw6\PowerPoint\DrawingModel\states\SelectingState.cs" />
        <File uid="19" fullPath="D:\jr_windows_programming\hw6\PowerPoint\DrawingModel\shape\Shape.cs" />
        <File uid="20" fullPath="D:\jr_windows_programming\hw6\PowerPoint\DrawingModel\ShapeFactory.cs" />
        <File uid="21" fullPath="D:\jr_windows_programming\hw6\PowerPoint\DrawingModel\Shapes.cs" />
      </Files>
      <Classes>
        <Class>
          <Summary numSequencePoints="11" visitedSequencePoints="0" numBranchPoints="3" visitedBranchPoints="0" sequenceCoverage="0" branchCoverage="0" maxCyclomaticComplexity="1" minCyclomaticComplexity="1" maxCrapScore="2" minCrapScore="2" visitedClasses="0" numClasses="1" visitedMethods="0" numMethods="3" />
          <FullName>DrawingModel.AddCommand</FullName>
          <Methods>
            <Method visited="false" cyclomaticComplexity="1" nPathComplexity="0" sequenceCoverage="0" branchCoverage="0" crapScore="2" isConstructor="true" isStatic="false" isGetter="false" isSetter="false">
              <Summary numSequencePoints="5" visitedSequencePoints="0" numBranchPoints="1" visitedBranchPoints="0" sequenceCoverage="0" branchCoverage="0" maxCyclomaticComplexity="1" minCyclomaticComplexity="1" maxCrapScore="2" minCrapScore="2" visitedClasses="0" numClasses="0" visitedMethods="0" numMethods="1" />
              <MetadataToken>100663297</MetadataToken>
              <Name>System.Void DrawingModel.AddCommand::.ctor(DrawingModel.Model,DrawingModel.Shape)</Name>
              <FileRef uid="1" />
              <SequencePoints>
                <SequencePoint vc="0" uspid="1" ordinal="0" offset="0" sl="12" sc="9" el="12" ec="52" bec="0" bev="0" fileid="1" />
                <SequencePoint vc="0" uspid="2" ordinal="1" offset="7" sl="13" sc="9" el="13" ec="10" bec="0" bev="0" fileid="1" />
                <SequencePoint vc="0" uspid="3" ordinal="2" offset="8" sl="14" sc="13" el="14" ec="28" bec="0" bev="0" fileid="1" />
                <SequencePoint vc="0" uspid="4" ordinal="3" offset="15" sl="15" sc="13" el="15" ec="28" bec="0" bev="0" fileid="1" />
                <SequencePoint vc="0" uspid="5" ordinal="4" offset="22" sl="16" sc="9" el="16" ec="10" bec="0" bev="0" fileid="1" />
              </SequencePoints>
              <BranchPoints />
              <MethodPoint xsi:type="SequencePoint" vc="0" uspid="1" ordinal="0" offset="0" sl="12" sc="9" el="12" ec="52" bec="0" bev="0" fileid="1" />
            </Method>
            <Method visited="false" cyclomaticComplexity="1" nPathComplexity="0" sequenceCoverage="0" branchCoverage="0" crapScore="2" isConstructor="false" isStatic="false" isGetter="false" isSetter="false">
              <Summary numSequencePoints="3" visitedSequencePoints="0" numBranchPoints="1" visitedBranchPoints="0" sequenceCoverage="0" branchCoverage="0" maxCyclomaticComplexity="1" minCyclomaticComplexity="1" maxCrapScore="2" minCrapScore="2" visitedClasses="0" numClasses="0" visitedMethods="0" numMethods="1" />
              <MetadataToken>100663298</MetadataToken>
              <Name>System.Void DrawingModel.AddCommand::Execute()</Name>
              <FileRef uid="1" />
              <SequencePoints>
                <SequencePoint vc="0" uspid="6" ordinal="0" offset="0" sl="19" sc="9" el="19" ec="10" bec="0" bev="0" fileid="1" />
                <SequencePoint vc="0" uspid="7" ordinal="1" offset="1" sl="20" sc="13" el="20" ec="37" bec="0" bev="0" fileid="1" />
                <SequencePoint vc="0" uspid="8" ordinal="2" offset="19" sl="21" sc="9" el="21" ec="10" bec="0" bev="0" fileid="1" />
              </SequencePoints>
              <BranchPoints />
              <MethodPoint xsi:type="SequencePoint" vc="0" uspid="6" ordinal="0" offset="0" sl="19" sc="9" el="19" ec="10" bec="0" bev="0" fileid="1" />
            </Method>
            <Method visited="false" cyclomaticComplexity="1" nPathComplexity="0" sequenceCoverage="0" branchCoverage="0" crapScore="2" isConstructor="false" isStatic="false" isGetter="false" isSetter="false">
              <Summary numSequencePoints="3" visitedSequencePoints="0" numBranchPoints="1" visitedBranchPoints="0" sequenceCoverage="0" branchCoverage="0" maxCyclomaticComplexity="1" minCyclomaticComplexity="1" maxCrapScore="2" minCrapScore="2" visitedClasses="0" numClasses="0" visitedMethods="0" numMethods="1" />
              <MetadataToken>100663299</MetadataToken>
              <Name>System.Void DrawingModel.AddCommand::UnExecute()</Name>
              <FileRef uid="1" />
              <SequencePoints>
                <SequencePoint vc="0" uspid="9" ordinal="0" offset="0" sl="24" sc="9" el="24" ec="10" bec="0" bev="0" fileid="1" />
                <SequencePoint vc="0" uspid="10" ordinal="1" offset="1" sl="25" sc="13" el="25" ec="38" bec="0" bev="0" fileid="1" />
                <SequencePoint vc="0" uspid="11" ordinal="2" offset="13" sl="26" sc="9" el="26" ec="10" bec="0" bev="0" fileid="1" />
              </SequencePoints>
              <BranchPoints />
              <MethodPoint xsi:type="SequencePoint" vc="0" uspid="9" ordinal="0" offset="0" sl="24" sc="9" el="24" ec="10" bec="0" bev="0" fileid="1" />
            </Method>
          </Methods>
        </Class>
        <Class>
          <Summary numSequencePoints="27" visitedSequencePoints="0" numBranchPoints="10" visitedBranchPoints="0" sequenceCoverage="0" branchCoverage="0" maxCyclomaticComplexity="2" minCyclomaticComplexity="1" maxCrapScore="6" minCrapScore="2" visitedClasses="0" numClasses="1" visitedMethods="0" numMethods="6" />
          <FullName>DrawingModel.CommandManager</FullName>
          <Methods>
            <Method visited="false" cyclomaticComplexity="1" nPathComplexity="0" sequenceCoverage="0" branchCoverage="0" crapScore="2" isConstructor="false" isStatic="false" isGetter="true" isSetter="false">
              <Summary numSequencePoints="3" visitedSequencePoints="0" numBranchPoints="1" visitedBranchPoints="0" sequenceCoverage="0" branchCoverage="0" maxCyclomaticComplexity="1" minCyclomaticComplexity="1" maxCrapScore="2" minCrapScore="2" visitedClasses="0" numClasses="0" visitedMethods="0" numMethods="1" />
              <MetadataToken>100663303</MetadataToken>
              <Name>System.Boolean DrawingModel.CommandManager::get_IsRedoEnabled()</Name>
              <FileRef uid="2" />
              <SequencePoints>
                <SequencePoint vc="0" uspid="12" ordinal="0" offset="0" sl="41" sc="13" el="41" ec="14" bec="0" bev="0" fileid="2" />
                <SequencePoint vc="0" uspid="13" ordinal="1" offset="1" sl="42" sc="17" el="42" ec="40" bec="0" bev="0" fileid="2" />
                <SequencePoint vc="0" uspid="14" ordinal="2" offset="18" sl="43" sc="13" el="43" ec="14" bec="0" bev="0" fileid="2" />
              </SequencePoints>
              <BranchPoints />
              <MethodPoint xsi:type="SequencePoint" vc="0" uspid="12" ordinal="0" offset="0" sl="41" sc="13" el="41" ec="14" bec="0" bev="0" fileid="2" />
            </Method>
            <Method visited="false" cyclomaticComplexity="1" nPathComplexity="0" sequenceCoverage="0" branchCoverage="0" crapScore="2" isConstructor="false" isStatic="false" isGetter="true" isSetter="false">
              <Summary numSequencePoints="3" visitedSequencePoints="0" numBranchPoints="1" visitedBranchPoints="0" sequenceCoverage="0" branchCoverage="0" maxCyclomaticComplexity="1" minCyclomaticComplexity="1" maxCrapScore="2" minCrapScore="2" visitedClasses="0" numClasses="0" visitedMethods="0" numMethods="1" />
              <MetadataToken>100663304</MetadataToken>
              <Name>System.Boolean DrawingModel.CommandManager::get_IsUndoEnabled()</Name>
              <FileRef uid="2" />
              <SequencePoints>
                <SequencePoint vc="0" uspid="15" ordinal="0" offset="0" sl="49" sc="13" el="49" ec="14" bec="0" bev="0" fileid="2" />
                <SequencePoint vc="0" uspid="16" ordinal="1" offset="1" sl="50" sc="17" el="50" ec="40" bec="0" bev="0" fileid="2" />
                <SequencePoint vc="0" uspid="17" ordinal="2" offset="18" sl="51" sc="13" el="51" ec="14" bec="0" bev="0" fileid="2" />
              </SequencePoints>
              <BranchPoints />
              <MethodPoint xsi:type="SequencePoint" vc="0" uspid="15" ordinal="0" offset="0" sl="49" sc="13" el="49" ec="14" bec="0" bev="0" fileid="2" />
            </Method>
            <Method visited="false" cyclomaticComplexity="1" nPathComplexity="0" sequenceCoverage="0" branchCoverage="0" crapScore="2" isConstructor="false" isStatic="false" isGetter="false" isSetter="false">
              <Summary numSequencePoints="5" visitedSequencePoints="0" numBranchPoints="1" visitedBranchPoints="0" sequenceCoverage="0" branchCoverage="0" maxCyclomaticComplexity="1" minCyclomaticComplexity="1" maxCrapScore="2" minCrapScore="2" visitedClasses="0" numClasses="0" visitedMethods="0" numMethods="1" />
              <MetadataToken>100663300</MetadataToken>
              <Name>System.Void DrawingModel.CommandManager::Execute(DrawingModel.ICommand)</Name>
              <FileRef uid="2" />
              <SequencePoints>
                <SequencePoint vc="0" uspid="18" ordinal="0" offset="0" sl="14" sc="9" el="14" ec="10" bec="0" bev="0" fileid="2" />
                <SequencePoint vc="0" uspid="19" ordinal="1" offset="1" sl="15" sc="13" el="15" ec="27" bec="0" bev="0" fileid="2" />
                <SequencePoint vc="0" uspid="20" ordinal="2" offset="8" sl="16" sc="13" el="16" ec="28" bec="0" bev="0" fileid="2" />
                <SequencePoint vc="0" uspid="21" ordinal="3" offset="21" sl="17" sc="13" el="17" ec="26" bec="0" bev="0" fileid="2" />
                <SequencePoint vc="0" uspid="22" ordinal="4" offset="33" sl="18" sc="9" el="18" ec="10" bec="0" bev="0" fileid="2" />
              </SequencePoints>
              <BranchPoints />
              <MethodPoint xsi:type="SequencePoint" vc="0" uspid="18" ordinal="0" offset="0" sl="14" sc="9" el="14" ec="10" bec="0" bev="0" fileid="2" />
            </Method>
            <Method visited="false" cyclomaticComplexity="2" nPathComplexity="2" sequenceCoverage="0" branchCoverage="0" crapScore="6" isConstructor="false" isStatic="false" isGetter="false" isSetter="false">
              <Summary numSequencePoints="7" visitedSequencePoints="0" numBranchPoints="3" visitedBranchPoints="0" sequenceCoverage="0" branchCoverage="0" maxCyclomaticComplexity="2" minCyclomaticComplexity="2" maxCrapScore="6" minCrapScore="6" visitedClasses="0" numClasses="0" visitedMethods="0" numMethods="1" />
              <MetadataToken>100663301</MetadataToken>
              <Name>System.Void DrawingModel.CommandManager::Undo()</Name>
              <FileRef uid="2" />
              <SequencePoints>
                <SequencePoint vc="0" uspid="23" ordinal="0" offset="0" sl="21" sc="9" el="21" ec="10" bec="0" bev="0" fileid="2" />
                <SequencePoint vc="0" uspid="24" ordinal="1" offset="1" sl="22" sc="13" el="22" ec="33" bec="2" bev="0" fileid="2" />
                <SequencePoint vc="0" uspid="25" ordinal="2" offset="22" sl="23" sc="17" el="23" ec="64" bec="0" bev="0" fileid="2" />
                <SequencePoint vc="0" uspid="26" ordinal="3" offset="33" sl="24" sc="13" el="24" ec="39" bec="0" bev="0" fileid="2" />
                <SequencePoint vc="0" uspid="27" ordinal="4" offset="45" sl="25" sc="13" el="25" ec="28" bec="0" bev="0" fileid="2" />
                <SequencePoint vc="0" uspid="28" ordinal="5" offset="58" sl="26" sc="13" el="26" ec="29" bec="0" bev="0" fileid="2" />
                <SequencePoint vc="0" uspid="29" ordinal="6" offset="65" sl="27" sc="9" el="27" ec="10" bec="0" bev="0" fileid="2" />
              </SequencePoints>
              <BranchPoints>
                <BranchPoint vc="0" uspid="30" ordinal="0" offset="20" sl="22" path="0" offsetend="22" fileid="2" />
                <BranchPoint vc="0" uspid="31" ordinal="1" offset="20" sl="22" path="1" offsetend="33" fileid="2" />
              </BranchPoints>
              <MethodPoint xsi:type="SequencePoint" vc="0" uspid="23" ordinal="0" offset="0" sl="21" sc="9" el="21" ec="10" bec="0" bev="0" fileid="2" />
            </Method>
            <Method visited="false" cyclomaticComplexity="2" nPathComplexity="2" sequenceCoverage="0" branchCoverage="0" crapScore="6" isConstructor="false" isStatic="false" isGetter="false" isSetter="false">
              <Summary numSequencePoints="7" visitedSequencePoints="0" numBranchPoints="3" visitedBranchPoints="0" sequenceCoverage="0" branchCoverage="0" maxCyclomaticComplexity="2" minCyclomaticComplexity="2" maxCrapScore="6" minCrapScore="6" visitedClasses="0" numClasses="0" visitedMethods="0" numMethods="1" />
              <MetadataToken>100663302</MetadataToken>
              <Name>System.Void DrawingModel.CommandManager::Redo()</Name>
              <FileRef uid="2" />
              <SequencePoints>
                <SequencePoint vc="0" uspid="32" ordinal="0" offset="0" sl="30" sc="9" el="30" ec="10" bec="0" bev="0" fileid="2" />
                <SequencePoint vc="0" uspid="33" ordinal="1" offset="1" sl="31" sc="13" el="31" ec="33" bec="2" bev="0" fileid="2" />
                <SequencePoint vc="0" uspid="34" ordinal="2" offset="22" sl="32" sc="17" el="32" ec="64" bec="0" bev="0" fileid="2" />
                <SequencePoint vc="0" uspid="35" ordinal="3" offset="33" sl="33" sc="13" el="33" ec="39" bec="0" bev="0" fileid="2" />
                <SequencePoint vc="0" uspid="36" ordinal="4" offset="45" sl="34" sc="13" el="34" ec="28" bec="0" bev="0" fileid="2" />
                <SequencePoint vc="0" uspid="37" ordinal="5" offset="58" sl="35" sc="13" el="35" ec="27" bec="0" bev="0" fileid="2" />
                <SequencePoint vc="0" uspid="38" ordinal="6" offset="65" sl="36" sc="9" el="36" ec="10" bec="0" bev="0" fileid="2" />
              </SequencePoints>
              <BranchPoints>
                <BranchPoint vc="0" uspid="39" ordinal="0" offset="20" sl="31" path="0" offsetend="22" fileid="2" />
                <BranchPoint vc="0" uspid="40" ordinal="1" offset="20" sl="31" path="1" offsetend="33" fileid="2" />
              </BranchPoints>
              <MethodPoint xsi:type="SequencePoint" vc="0" uspid="32" ordinal="0" offset="0" sl="30" sc="9" el="30" ec="10" bec="0" bev="0" fileid="2" />
            </Method>
            <Method visited="false" cyclomaticComplexity="1" nPathComplexity="0" sequenceCoverage="0" branchCoverage="0" crapScore="2" isConstructor="true" isStatic="false" isGetter="false" isSetter="false">
              <Summary numSequencePoints="2" visitedSequencePoints="0" numBranchPoints="1" visitedBranchPoints="0" sequenceCoverage="0" branchCoverage="0" maxCyclomaticComplexity="1" minCyclomaticComplexity="1" maxCrapScore="2" minCrapScore="2" visitedClasses="0" numClasses="0" visitedMethods="0" numMethods="1" />
              <MetadataToken>100663305</MetadataToken>
              <Name>System.Void DrawingModel.CommandManager::.ctor()</Name>
              <FileRef uid="2" />
              <SequencePoints>
                <SequencePoint vc="0" uspid="41" ordinal="0" offset="0" sl="10" sc="9" el="10" ec="54" bec="0" bev="0" fileid="2" />
                <SequencePoint vc="0" uspid="42" ordinal="1" offset="11" sl="11" sc="9" el="11" ec="54" bec="0" bev="0" fileid="2" />
              </SequencePoints>
              <BranchPoints />
              <MethodPoint xsi:type="SequencePoint" vc="0" uspid="41" ordinal="0" offset="0" sl="10" sc="9" el="10" ec="54" bec="0" bev="0" fileid="2" />
            </Method>
          </Methods>
        </Class>
        <Class>
          <Summary numSequencePoints="11" visitedSequencePoints="0" numBranchPoints="3" visitedBranchPoints="0" sequenceCoverage="0" branchCoverage="0" maxCyclomaticComplexity="1" minCyclomaticComplexity="1" maxCrapScore="2" minCrapScore="2" visitedClasses="0" numClasses="1" visitedMethods="0" numMethods="3" />
          <FullName>DrawingModel.DrawCommand</FullName>
          <Methods>
            <Method visited="false" cyclomaticComplexity="1" nPathComplexity="0" sequenceCoverage="0" branchCoverage="0" crapScore="2" isConstructor="true" isStatic="false" isGetter="false" isSetter="false">
              <Summary numSequencePoints="5" visitedSequencePoints="0" numBranchPoints="1" visitedBranchPoints="0" sequenceCoverage="0" branchCoverage="0" maxCyclomaticComplexity="1" minCyclomaticComplexity="1" maxCrapScore="2" minCrapScore="2" visitedClasses="0" numClasses="0" visitedMethods="0" numMethods="1" />
              <MetadataToken>100663306</MetadataToken>
              <Name>System.Void DrawingModel.DrawCommand::.ctor(DrawingModel.Model,DrawingModel.Shape)</Name>
              <FileRef uid="3" />
              <SequencePoints>
                <SequencePoint vc="0" uspid="43" ordinal="0" offset="0" sl="12" sc="9" el="12" ec="53" bec="0" bev="0" fileid="3" />
                <SequencePoint vc="0" uspid="44" ordinal="1" offset="7" sl="13" sc="9" el="13" ec="10" bec="0" bev="0" fileid="3" />
                <SequencePoint vc="0" uspid="45" ordinal="2" offset="8" sl="14" sc="13" el="14" ec="28" bec="0" bev="0" fileid="3" />
                <SequencePoint vc="0" uspid="46" ordinal="3" offset="15" sl="15" sc="13" el="15" ec="28" bec="0" bev="0" fileid="3" />
                <SequencePoint vc="0" uspid="47" ordinal="4" offset="22" sl="16" sc="9" el="16" ec="10" bec="0" bev="0" fileid="3" />
              </SequencePoints>
              <BranchPoints />
              <MethodPoint xsi:type="SequencePoint" vc="0" uspid="43" ordinal="0" offset="0" sl="12" sc="9" el="12" ec="53" bec="0" bev="0" fileid="3" />
            </Method>
            <Method visited="false" cyclomaticComplexity="1" nPathComplexity="0" sequenceCoverage="0" branchCoverage="0" crapScore="2" isConstructor="false" isStatic="false" isGetter="false" isSetter="false">
              <Summary numSequencePoints="3" visitedSequencePoints="0" numBranchPoints="1" visitedBranchPoints="0" sequenceCoverage="0" branchCoverage="0" maxCyclomaticComplexity="1" minCyclomaticComplexity="1" maxCrapScore="2" minCrapScore="2" visitedClasses="0" numClasses="0" visitedMethods="0" numMethods="1" />
              <MetadataToken>100663307</MetadataToken>
              <Name>System.Void DrawingModel.DrawCommand::Execute()</Name>
              <FileRef uid="3" />
              <SequencePoints>
                <SequencePoint vc="0" uspid="48" ordinal="0" offset="0" sl="19" sc="9" el="19" ec="10" bec="0" bev="0" fileid="3" />
                <SequencePoint vc="0" uspid="49" ordinal="1" offset="1" sl="20" sc="13" el="20" ec="37" bec="0" bev="0" fileid="3" />
                <SequencePoint vc="0" uspid="50" ordinal="2" offset="19" sl="21" sc="9" el="21" ec="10" bec="0" bev="0" fileid="3" />
              </SequencePoints>
              <BranchPoints />
              <MethodPoint xsi:type="SequencePoint" vc="0" uspid="48" ordinal="0" offset="0" sl="19" sc="9" el="19" ec="10" bec="0" bev="0" fileid="3" />
            </Method>
            <Method visited="false" cyclomaticComplexity="1" nPathComplexity="0" sequenceCoverage="0" branchCoverage="0" crapScore="2" isConstructor="false" isStatic="false" isGetter="false" isSetter="false">
              <Summary numSequencePoints="3" visitedSequencePoints="0" numBranchPoints="1" visitedBranchPoints="0" sequenceCoverage="0" branchCoverage="0" maxCyclomaticComplexity="1" minCyclomaticComplexity="1" maxCrapScore="2" minCrapScore="2" visitedClasses="0" numClasses="0" visitedMethods="0" numMethods="1" />
              <MetadataToken>100663308</MetadataToken>
              <Name>System.Void DrawingModel.DrawCommand::UnExecute()</Name>
              <FileRef uid="3" />
              <SequencePoints>
                <SequencePoint vc="0" uspid="51" ordinal="0" offset="0" sl="24" sc="9" el="24" ec="10" bec="0" bev="0" fileid="3" />
                <SequencePoint vc="0" uspid="52" ordinal="1" offset="1" sl="25" sc="13" el="25" ec="38" bec="0" bev="0" fileid="3" />
                <SequencePoint vc="0" uspid="53" ordinal="2" offset="13" sl="26" sc="9" el="26" ec="10" bec="0" bev="0" fileid="3" />
              </SequencePoints>
              <BranchPoints />
              <MethodPoint xsi:type="SequencePoint" vc="0" uspid="51" ordinal="0" offset="0" sl="24" sc="9" el="24" ec="10" bec="0" bev="0" fileid="3" />
            </Method>
          </Methods>
        </Class>
        <Class>
          <Summary numSequencePoints="0" visitedSequencePoints="0" numBranchPoints="0" visitedBranchPoints="0" sequenceCoverage="0" branchCoverage="0" maxCyclomaticComplexity="1" minCyclomaticComplexity="1" maxCrapScore="2" minCrapScore="2" visitedClasses="0" numClasses="0" visitedMethods="0" numMethods="0" />
          <FullName>DrawingModel.Constant</FullName>
          <Methods>
            <Method visited="false" cyclomaticComplexity="1" nPathComplexity="0" sequenceCoverage="0" branchCoverage="0" crapScore="2" isConstructor="true" isStatic="false" isGetter="false" isSetter="false">
              <Summary numSequencePoints="0" visitedSequencePoints="0" numBranchPoints="0" visitedBranchPoints="0" sequenceCoverage="0" branchCoverage="0" maxCyclomaticComplexity="1" minCyclomaticComplexity="1" maxCrapScore="2" minCrapScore="2" visitedClasses="0" numClasses="0" visitedMethods="0" numMethods="0" />
              <MetadataToken>100663309</MetadataToken>
              <Name>System.Void DrawingModel.Constant::.ctor()</Name>
              <SequencePoints />
              <BranchPoints />
              <MethodPoint vc="0" uspid="54" ordinal="0" offset="0" />
            </Method>
          </Methods>
        </Class>
        <Class>
          <Summary numSequencePoints="4" visitedSequencePoints="0" numBranchPoints="1" visitedBranchPoints="0" sequenceCoverage="0" branchCoverage="0" maxCyclomaticComplexity="1" minCyclomaticComplexity="1" maxCrapScore="2" minCrapScore="2" visitedClasses="0" numClasses="1" visitedMethods="0" numMethods="1" />
          <FullName>DrawingModel.DoubleBufferedPanel</FullName>
          <Methods>
            <Method visited="false" cyclomaticComplexity="1" nPathComplexity="0" sequenceCoverage="0" branchCoverage="0" crapScore="2" isConstructor="true" isStatic="false" isGetter="false" isSetter="false">
              <Summary numSequencePoints="4" visitedSequencePoints="0" numBranchPoints="1" visitedBranchPoints="0" sequenceCoverage="0" branchCoverage="0" maxCyclomaticComplexity="1" minCyclomaticComplexity="1" maxCrapScore="2" minCrapScore="2" visitedClasses="0" numClasses="0" visitedMethods="0" numMethods="1" />
              <MetadataToken>100663312</MetadataToken>
              <Name>System.Void DrawingModel.DoubleBufferedPanel::.ctor()</Name>
              <FileRef uid="4" />
              <SequencePoints>
                <SequencePoint vc="0" uspid="55" ordinal="0" offset="0" sl="6" sc="9" el="6" ec="37" bec="0" bev="0" fileid="4" />
                <SequencePoint vc="0" uspid="56" ordinal="1" offset="7" sl="7" sc="9" el="7" ec="10" bec="0" bev="0" fileid="4" />
                <SequencePoint vc="0" uspid="57" ordinal="2" offset="8" sl="8" sc="13" el="8" ec="35" bec="0" bev="0" fileid="4" />
                <SequencePoint vc="0" uspid="58" ordinal="3" offset="16" sl="9" sc="9" el="9" ec="10" bec="0" bev="0" fileid="4" />
              </SequencePoints>
              <BranchPoints />
              <MethodPoint xsi:type="SequencePoint" vc="0" uspid="55" ordinal="0" offset="0" sl="6" sc="9" el="6" ec="37" bec="0" bev="0" fileid="4" />
            </Method>
          </Methods>
        </Class>
        <Class>
          <Summary numSequencePoints="171" visitedSequencePoints="0" numBranchPoints="60" visitedBranchPoints="0" sequenceCoverage="0" branchCoverage="0" maxCyclomaticComplexity="5" minCyclomaticComplexity="1" maxCrapScore="30" minCrapScore="2" visitedClasses="0" numClasses="1" visitedMethods="0" numMethods="32" />
          <FullName>DrawingModel.FormPresentationModel</FullName>
          <Methods>
            <Method visited="false" cyclomaticComplexity="1" nPathComplexity="0" sequenceCoverage="0" branchCoverage="0" crapScore="2" isConstructor="false" isStatic="false" isGetter="true" isSetter="false">
              <Summary numSequencePoints="1" visitedSequencePoints="0" numBranchPoints="1" visitedBranchPoints="0" sequenceCoverage="0" branchCoverage="0" maxCyclomaticComplexity="1" minCyclomaticComplexity="1" maxCrapScore="2" minCrapScore="2" visitedClasses="0" numClasses="0" visitedMethods="0" numMethods="1" />
              <MetadataToken>100663315</MetadataToken>
              <Name>System.Boolean DrawingModel.FormPresentationModel::get_IsLineEnable()</Name>
              <FileRef uid="5" />
              <SequencePoints>
                <SequencePoint vc="0" uspid="59" ordinal="0" offset="0" sl="14" sc="13" el="14" ec="17" bec="0" bev="0" fileid="5" />
              </SequencePoints>
              <BranchPoints />
              <MethodPoint xsi:type="SequencePoint" vc="0" uspid="59" ordinal="0" offset="0" sl="14" sc="13" el="14" ec="17" bec="0" bev="0" fileid="5" />
            </Method>
            <Method visited="false" cyclomaticComplexity="1" nPathComplexity="0" sequenceCoverage="0" branchCoverage="0" crapScore="2" isConstructor="false" isStatic="false" isGetter="false" isSetter="true">
              <Summary numSequencePoints="1" visitedSequencePoints="0" numBranchPoints="1" visitedBranchPoints="0" sequenceCoverage="0" branchCoverage="0" maxCyclomaticComplexity="1" minCyclomaticComplexity="1" maxCrapScore="2" minCrapScore="2" visitedClasses="0" numClasses="0" visitedMethods="0" numMethods="1" />
              <MetadataToken>100663316</MetadataToken>
              <Name>System.Void DrawingModel.FormPresentationModel::set_IsLineEnable(System.Boolean)</Name>
              <FileRef uid="5" />
              <SequencePoints>
                <SequencePoint vc="0" uspid="60" ordinal="0" offset="0" sl="14" sc="18" el="14" ec="22" bec="0" bev="0" fileid="5" />
              </SequencePoints>
              <BranchPoints />
              <MethodPoint xsi:type="SequencePoint" vc="0" uspid="60" ordinal="0" offset="0" sl="14" sc="18" el="14" ec="22" bec="0" bev="0" fileid="5" />
            </Method>
            <Method visited="false" cyclomaticComplexity="1" nPathComplexity="0" sequenceCoverage="0" branchCoverage="0" crapScore="2" isConstructor="false" isStatic="false" isGetter="true" isSetter="false">
              <Summary numSequencePoints="1" visitedSequencePoints="0" numBranchPoints="1" visitedBranchPoints="0" sequenceCoverage="0" branchCoverage="0" maxCyclomaticComplexity="1" minCyclomaticComplexity="1" maxCrapScore="2" minCrapScore="2" visitedClasses="0" numClasses="0" visitedMethods="0" numMethods="1" />
              <MetadataToken>100663317</MetadataToken>
              <Name>System.Boolean DrawingModel.FormPresentationModel::get_IsRectangleEnable()</Name>
              <FileRef uid="5" />
              <SequencePoints>
                <SequencePoint vc="0" uspid="61" ordinal="0" offset="0" sl="18" sc="13" el="18" ec="17" bec="0" bev="0" fileid="5" />
              </SequencePoints>
              <BranchPoints />
              <MethodPoint xsi:type="SequencePoint" vc="0" uspid="61" ordinal="0" offset="0" sl="18" sc="13" el="18" ec="17" bec="0" bev="0" fileid="5" />
            </Method>
            <Method visited="false" cyclomaticComplexity="1" nPathComplexity="0" sequenceCoverage="0" branchCoverage="0" crapScore="2" isConstructor="false" isStatic="false" isGetter="false" isSetter="true">
              <Summary numSequencePoints="1" visitedSequencePoints="0" numBranchPoints="1" visitedBranchPoints="0" sequenceCoverage="0" branchCoverage="0" maxCyclomaticComplexity="1" minCyclomaticComplexity="1" maxCrapScore="2" minCrapScore="2" visitedClasses="0" numClasses="0" visitedMethods="0" numMethods="1" />
              <MetadataToken>100663318</MetadataToken>
              <Name>System.Void DrawingModel.FormPresentationModel::set_IsRectangleEnable(System.Boolean)</Name>
              <FileRef uid="5" />
              <SequencePoints>
                <SequencePoint vc="0" uspid="62" ordinal="0" offset="0" sl="18" sc="18" el="18" ec="22" bec="0" bev="0" fileid="5" />
              </SequencePoints>
              <BranchPoints />
              <MethodPoint xsi:type="SequencePoint" vc="0" uspid="62" ordinal="0" offset="0" sl="18" sc="18" el="18" ec="22" bec="0" bev="0" fileid="5" />
            </Method>
            <Method visited="false" cyclomaticComplexity="1" nPathComplexity="0" sequenceCoverage="0" branchCoverage="0" crapScore="2" isConstructor="false" isStatic="false" isGetter="true" isSetter="false">
              <Summary numSequencePoints="1" visitedSequencePoints="0" numBranchPoints="1" visitedBranchPoints="0" sequenceCoverage="0" branchCoverage="0" maxCyclomaticComplexity="1" minCyclomaticComplexity="1" maxCrapScore="2" minCrapScore="2" visitedClasses="0" numClasses="0" visitedMethods="0" numMethods="1" />
              <MetadataToken>100663319</MetadataToken>
              <Name>System.Boolean DrawingModel.FormPresentationModel::get_IsEllipseEnable()</Name>
              <FileRef uid="5" />
              <SequencePoints>
                <SequencePoint vc="0" uspid="63" ordinal="0" offset="0" sl="22" sc="13" el="22" ec="17" bec="0" bev="0" fileid="5" />
              </SequencePoints>
              <BranchPoints />
              <MethodPoint xsi:type="SequencePoint" vc="0" uspid="63" ordinal="0" offset="0" sl="22" sc="13" el="22" ec="17" bec="0" bev="0" fileid="5" />
            </Method>
            <Method visited="false" cyclomaticComplexity="1" nPathComplexity="0" sequenceCoverage="0" branchCoverage="0" crapScore="2" isConstructor="false" isStatic="false" isGetter="false" isSetter="true">
              <Summary numSequencePoints="1" visitedSequencePoints="0" numBranchPoints="1" visitedBranchPoints="0" sequenceCoverage="0" branchCoverage="0" maxCyclomaticComplexity="1" minCyclomaticComplexity="1" maxCrapScore="2" minCrapScore="2" visitedClasses="0" numClasses="0" visitedMethods="0" numMethods="1" />
              <MetadataToken>100663320</MetadataToken>
              <Name>System.Void DrawingModel.FormPresentationModel::set_IsEllipseEnable(System.Boolean)</Name>
              <FileRef uid="5" />
              <SequencePoints>
                <SequencePoint vc="0" uspid="64" ordinal="0" offset="0" sl="22" sc="18" el="22" ec="22" bec="0" bev="0" fileid="5" />
              </SequencePoints>
              <BranchPoints />
              <MethodPoint xsi:type="SequencePoint" vc="0" uspid="64" ordinal="0" offset="0" sl="22" sc="18" el="22" ec="22" bec="0" bev="0" fileid="5" />
            </Method>
            <Method visited="false" cyclomaticComplexity="1" nPathComplexity="0" sequenceCoverage="0" branchCoverage="0" crapScore="2" isConstructor="false" isStatic="false" isGetter="true" isSetter="false">
              <Summary numSequencePoints="1" visitedSequencePoints="0" numBranchPoints="1" visitedBranchPoints="0" sequenceCoverage="0" branchCoverage="0" maxCyclomaticComplexity="1" minCyclomaticComplexity="1" maxCrapScore="2" minCrapScore="2" visitedClasses="0" numClasses="0" visitedMethods="0" numMethods="1" />
              <MetadataToken>100663321</MetadataToken>
              <Name>System.Boolean DrawingModel.FormPresentationModel::get_IsIdleEnable()</Name>
              <FileRef uid="5" />
              <SequencePoints>
                <SequencePoint vc="0" uspid="65" ordinal="0" offset="0" sl="26" sc="13" el="26" ec="17" bec="0" bev="0" fileid="5" />
              </SequencePoints>
              <BranchPoints />
              <MethodPoint xsi:type="SequencePoint" vc="0" uspid="65" ordinal="0" offset="0" sl="26" sc="13" el="26" ec="17" bec="0" bev="0" fileid="5" />
            </Method>
            <Method visited="false" cyclomaticComplexity="1" nPathComplexity="0" sequenceCoverage="0" branchCoverage="0" crapScore="2" isConstructor="false" isStatic="false" isGetter="false" isSetter="true">
              <Summary numSequencePoints="1" visitedSequencePoints="0" numBranchPoints="1" visitedBranchPoints="0" sequenceCoverage="0" branchCoverage="0" maxCyclomaticComplexity="1" minCyclomaticComplexity="1" maxCrapScore="2" minCrapScore="2" visitedClasses="0" numClasses="0" visitedMethods="0" numMethods="1" />
              <MetadataToken>100663322</MetadataToken>
              <Name>System.Void DrawingModel.FormPresentationModel::set_IsIdleEnable(System.Boolean)</Name>
              <FileRef uid="5" />
              <SequencePoints>
                <SequencePoint vc="0" uspid="66" ordinal="0" offset="0" sl="26" sc="18" el="26" ec="22" bec="0" bev="0" fileid="5" />
              </SequencePoints>
              <BranchPoints />
              <MethodPoint xsi:type="SequencePoint" vc="0" uspid="66" ordinal="0" offset="0" sl="26" sc="18" el="26" ec="22" bec="0" bev="0" fileid="5" />
            </Method>
            <Method visited="false" cyclomaticComplexity="3" nPathComplexity="4" sequenceCoverage="0" branchCoverage="0" crapScore="12" isConstructor="false" isStatic="false" isGetter="true" isSetter="false">
              <Summary numSequencePoints="3" visitedSequencePoints="0" numBranchPoints="5" visitedBranchPoints="0" sequenceCoverage="0" branchCoverage="0" maxCyclomaticComplexity="3" minCyclomaticComplexity="3" maxCrapScore="12" minCrapScore="12" visitedClasses="0" numClasses="0" visitedMethods="0" numMethods="1" />
              <MetadataToken>100663323</MetadataToken>
              <Name>System.Boolean DrawingModel.FormPresentationModel::get_IsDrawing()</Name>
              <FileRef uid="5" />
              <SequencePoints>
                <SequencePoint vc="0" uspid="67" ordinal="0" offset="0" sl="31" sc="13" el="31" ec="14" bec="0" bev="0" fileid="5" />
                <SequencePoint vc="0" uspid="68" ordinal="1" offset="1" sl="32" sc="17" el="32" ec="77" bec="3" bev="0" fileid="5" />
                <SequencePoint vc="0" uspid="69" ordinal="2" offset="29" sl="33" sc="13" el="33" ec="14" bec="0" bev="0" fileid="5" />
              </SequencePoints>
              <BranchPoints>
                <BranchPoint vc="0" uspid="70" ordinal="0" offset="7" sl="32" path="0" offsetend="9" fileid="5" />
                <BranchPoint vc="0" uspid="71" ordinal="1" offset="7" sl="32" path="1" offsetend="25" fileid="5" />
                <BranchPoint vc="0" uspid="72" ordinal="2" offset="15" sl="32" path="0" offsetend="17" fileid="5" />
                <BranchPoint vc="0" uspid="73" ordinal="3" offset="15" sl="32" path="1" offsetend="25" fileid="5" />
              </BranchPoints>
              <MethodPoint xsi:type="SequencePoint" vc="0" uspid="67" ordinal="0" offset="0" sl="31" sc="13" el="31" ec="14" bec="0" bev="0" fileid="5" />
            </Method>
            <Method visited="false" cyclomaticComplexity="1" nPathComplexity="0" sequenceCoverage="0" branchCoverage="0" crapScore="2" isConstructor="false" isStatic="false" isGetter="true" isSetter="false">
              <Summary numSequencePoints="3" visitedSequencePoints="0" numBranchPoints="1" visitedBranchPoints="0" sequenceCoverage="0" branchCoverage="0" maxCyclomaticComplexity="1" minCyclomaticComplexity="1" maxCrapScore="2" minCrapScore="2" visitedClasses="0" numClasses="0" visitedMethods="0" numMethods="1" />
              <MetadataToken>100663324</MetadataToken>
              <Name>DrawingModel.DoubleBufferedPanel DrawingModel.FormPresentationModel::get_Canva()</Name>
              <FileRef uid="5" />
              <SequencePoints>
                <SequencePoint vc="0" uspid="74" ordinal="0" offset="0" sl="38" sc="13" el="38" ec="14" bec="0" bev="0" fileid="5" />
                <SequencePoint vc="0" uspid="75" ordinal="1" offset="1" sl="39" sc="17" el="39" ec="31" bec="0" bev="0" fileid="5" />
                <SequencePoint vc="0" uspid="76" ordinal="2" offset="10" sl="40" sc="13" el="40" ec="14" bec="0" bev="0" fileid="5" />
              </SequencePoints>
              <BranchPoints />
              <MethodPoint xsi:type="SequencePoint" vc="0" uspid="74" ordinal="0" offset="0" sl="38" sc="13" el="38" ec="14" bec="0" bev="0" fileid="5" />
            </Method>
            <Method visited="false" cyclomaticComplexity="1" nPathComplexity="0" sequenceCoverage="0" branchCoverage="0" crapScore="2" isConstructor="false" isStatic="false" isGetter="false" isSetter="true">
              <Summary numSequencePoints="3" visitedSequencePoints="0" numBranchPoints="1" visitedBranchPoints="0" sequenceCoverage="0" branchCoverage="0" maxCyclomaticComplexity="1" minCyclomaticComplexity="1" maxCrapScore="2" minCrapScore="2" visitedClasses="0" numClasses="0" visitedMethods="0" numMethods="1" />
              <MetadataToken>100663325</MetadataToken>
              <Name>System.Void DrawingModel.FormPresentationModel::set_Canva(DrawingModel.DoubleBufferedPanel)</Name>
              <FileRef uid="5" />
              <SequencePoints>
                <SequencePoint vc="0" uspid="77" ordinal="0" offset="0" sl="42" sc="13" el="42" ec="14" bec="0" bev="0" fileid="5" />
                <SequencePoint vc="0" uspid="78" ordinal="1" offset="1" sl="43" sc="17" el="43" ec="32" bec="0" bev="0" fileid="5" />
                <SequencePoint vc="0" uspid="79" ordinal="2" offset="8" sl="44" sc="13" el="44" ec="14" bec="0" bev="0" fileid="5" />
              </SequencePoints>
              <BranchPoints />
              <MethodPoint xsi:type="SequencePoint" vc="0" uspid="77" ordinal="0" offset="0" sl="42" sc="13" el="42" ec="14" bec="0" bev="0" fileid="5" />
            </Method>
            <Method visited="false" cyclomaticComplexity="1" nPathComplexity="0" sequenceCoverage="0" branchCoverage="0" crapScore="2" isConstructor="false" isStatic="false" isGetter="true" isSetter="false">
              <Summary numSequencePoints="3" visitedSequencePoints="0" numBranchPoints="1" visitedBranchPoints="0" sequenceCoverage="0" branchCoverage="0" maxCyclomaticComplexity="1" minCyclomaticComplexity="1" maxCrapScore="2" minCrapScore="2" visitedClasses="0" numClasses="0" visitedMethods="0" numMethods="1" />
              <MetadataToken>100663329</MetadataToken>
              <Name>DrawingModel.Model DrawingModel.FormPresentationModel::get_Model()</Name>
              <FileRef uid="5" />
              <SequencePoints>
                <SequencePoint vc="0" uspid="80" ordinal="0" offset="0" sl="74" sc="13" el="74" ec="14" bec="0" bev="0" fileid="5" />
                <SequencePoint vc="0" uspid="81" ordinal="1" offset="1" sl="75" sc="17" el="75" ec="31" bec="0" bev="0" fileid="5" />
                <SequencePoint vc="0" uspid="82" ordinal="2" offset="10" sl="76" sc="13" el="76" ec="14" bec="0" bev="0" fileid="5" />
              </SequencePoints>
              <BranchPoints />
              <MethodPoint xsi:type="SequencePoint" vc="0" uspid="80" ordinal="0" offset="0" sl="74" sc="13" el="74" ec="14" bec="0" bev="0" fileid="5" />
            </Method>
            <Method visited="false" cyclomaticComplexity="2" nPathComplexity="0" sequenceCoverage="0" branchCoverage="0" crapScore="6" isConstructor="false" isStatic="false" isGetter="false" isSetter="false">
              <Summary numSequencePoints="0" visitedSequencePoints="0" numBranchPoints="0" visitedBranchPoints="0" sequenceCoverage="0" branchCoverage="0" maxCyclomaticComplexity="2" minCyclomaticComplexity="2" maxCrapScore="6" minCrapScore="6" visitedClasses="0" numClasses="0" visitedMethods="0" numMethods="0" />
              <MetadataToken>100663313</MetadataToken>
              <Name>System.Void DrawingModel.FormPresentationModel::add_PropertyChanged(System.ComponentModel.PropertyChangedEventHandler)</Name>
              <SequencePoints />
              <BranchPoints />
              <MethodPoint vc="0" uspid="83" ordinal="0" offset="0" />
            </Method>
            <Method visited="false" cyclomaticComplexity="2" nPathComplexity="0" sequenceCoverage="0" branchCoverage="0" crapScore="6" isConstructor="false" isStatic="false" isGetter="false" isSetter="false">
              <Summary numSequencePoints="0" visitedSequencePoints="0" numBranchPoints="0" visitedBranchPoints="0" sequenceCoverage="0" branchCoverage="0" maxCyclomaticComplexity="2" minCyclomaticComplexity="2" maxCrapScore="6" minCrapScore="6" visitedClasses="0" numClasses="0" visitedMethods="0" numMethods="0" />
              <MetadataToken>100663314</MetadataToken>
              <Name>System.Void DrawingModel.FormPresentationModel::remove_PropertyChanged(System.ComponentModel.PropertyChangedEventHandler)</Name>
              <SequencePoints />
              <BranchPoints />
              <MethodPoint vc="0" uspid="84" ordinal="0" offset="0" />
            </Method>
            <Method visited="false" cyclomaticComplexity="2" nPathComplexity="2" sequenceCoverage="0" branchCoverage="0" crapScore="6" isConstructor="false" isStatic="false" isGetter="false" isSetter="false">
              <Summary numSequencePoints="6" visitedSequencePoints="0" numBranchPoints="3" visitedBranchPoints="0" sequenceCoverage="0" branchCoverage="0" maxCyclomaticComplexity="2" minCyclomaticComplexity="2" maxCrapScore="6" minCrapScore="6" visitedClasses="0" numClasses="0" visitedMethods="0" numMethods="1" />
              <MetadataToken>100663326</MetadataToken>
              <Name>System.Void DrawingModel.FormPresentationModel::Notify(System.String)</Name>
              <FileRef uid="5" />
              <SequencePoints>
                <SequencePoint vc="0" uspid="85" ordinal="0" offset="0" sl="49" sc="9" el="49" ec="10" bec="0" bev="0" fileid="5" />
                <SequencePoint vc="0" uspid="86" ordinal="1" offset="1" sl="50" sc="13" el="50" ec="41" bec="2" bev="0" fileid="5" />
                <SequencePoint vc="0" uspid="87" ordinal="2" offset="14" sl="51" sc="13" el="51" ec="14" bec="0" bev="0" fileid="5" />
                <SequencePoint vc="0" uspid="88" ordinal="3" offset="15" sl="52" sc="17" el="52" ec="83" bec="0" bev="0" fileid="5" />
                <SequencePoint vc="0" uspid="89" ordinal="4" offset="34" sl="53" sc="13" el="53" ec="14" bec="0" bev="0" fileid="5" />
                <SequencePoint vc="0" uspid="90" ordinal="5" offset="35" sl="54" sc="9" el="54" ec="10" bec="0" bev="0" fileid="5" />
              </SequencePoints>
              <BranchPoints>
                <BranchPoint vc="0" uspid="91" ordinal="0" offset="12" sl="50" path="0" offsetend="14" fileid="5" />
                <BranchPoint vc="0" uspid="92" ordinal="1" offset="12" sl="50" path="1" offsetend="35" fileid="5" />
              </BranchPoints>
              <MethodPoint xsi:type="SequencePoint" vc="0" uspid="85" ordinal="0" offset="0" sl="49" sc="9" el="49" ec="10" bec="0" bev="0" fileid="5" />
            </Method>
            <Method visited="false" cyclomaticComplexity="1" nPathComplexity="0" sequenceCoverage="0" branchCoverage="0" crapScore="2" isConstructor="false" isStatic="false" isGetter="false" isSetter="false">
              <Summary numSequencePoints="6" visitedSequencePoints="0" numBranchPoints="1" visitedBranchPoints="0" sequenceCoverage="0" branchCoverage="0" maxCyclomaticComplexity="1" minCyclomaticComplexity="1" maxCrapScore="2" minCrapScore="2" visitedClasses="0" numClasses="0" visitedMethods="0" numMethods="1" />
              <MetadataToken>100663327</MetadataToken>
              <Name>System.Void DrawingModel.FormPresentationModel::NotifyAllProperties()</Name>
              <FileRef uid="5" />
              <SequencePoints>
                <SequencePoint vc="0" uspid="93" ordinal="0" offset="0" sl="58" sc="9" el="58" ec="10" bec="0" bev="0" fileid="5" />
                <SequencePoint vc="0" uspid="94" ordinal="1" offset="1" sl="59" sc="13" el="59" ec="42" bec="0" bev="0" fileid="5" />
                <SequencePoint vc="0" uspid="95" ordinal="2" offset="13" sl="60" sc="13" el="60" ec="47" bec="0" bev="0" fileid="5" />
                <SequencePoint vc="0" uspid="96" ordinal="3" offset="25" sl="61" sc="13" el="61" ec="45" bec="0" bev="0" fileid="5" />
                <SequencePoint vc="0" uspid="97" ordinal="4" offset="37" sl="62" sc="13" el="62" ec="42" bec="0" bev="0" fileid="5" />
                <SequencePoint vc="0" uspid="98" ordinal="5" offset="49" sl="63" sc="9" el="63" ec="10" bec="0" bev="0" fileid="5" />
              </SequencePoints>
              <BranchPoints />
              <MethodPoint xsi:type="SequencePoint" vc="0" uspid="93" ordinal="0" offset="0" sl="58" sc="9" el="58" ec="10" bec="0" bev="0" fileid="5" />
            </Method>
            <Method visited="false" cyclomaticComplexity="1" nPathComplexity="0" sequenceCoverage="0" branchCoverage="0" crapScore="2" isConstructor="true" isStatic="false" isGetter="false" isSetter="false">
              <Summary numSequencePoints="4" visitedSequencePoints="0" numBranchPoints="1" visitedBranchPoints="0" sequenceCoverage="0" branchCoverage="0" maxCyclomaticComplexity="1" minCyclomaticComplexity="1" maxCrapScore="2" minCrapScore="2" visitedClasses="0" numClasses="0" visitedMethods="0" numMethods="1" />
              <MetadataToken>100663328</MetadataToken>
              <Name>System.Void DrawingModel.FormPresentationModel::.ctor(DrawingModel.Model)</Name>
              <FileRef uid="5" />
              <SequencePoints>
                <SequencePoint vc="0" uspid="99" ordinal="0" offset="0" sl="66" sc="9" el="66" ec="50" bec="0" bev="0" fileid="5" />
                <SequencePoint vc="0" uspid="100" ordinal="1" offset="7" sl="67" sc="9" el="67" ec="10" bec="0" bev="0" fileid="5" />
                <SequencePoint vc="0" uspid="101" ordinal="2" offset="8" sl="68" sc="13" el="68" ec="28" bec="0" bev="0" fileid="5" />
                <SequencePoint vc="0" uspid="102" ordinal="3" offset="15" sl="69" sc="9" el="69" ec="10" bec="0" bev="0" fileid="5" />
              </SequencePoints>
              <BranchPoints />
              <MethodPoint xsi:type="SequencePoint" vc="0" uspid="99" ordinal="0" offset="0" sl="66" sc="9" el="66" ec="50" bec="0" bev="0" fileid="5" />
            </Method>
            <Method visited="false" cyclomaticComplexity="3" nPathComplexity="4" sequenceCoverage="0" branchCoverage="0" crapScore="12" isConstructor="false" isStatic="false" isGetter="false" isSetter="false">
              <Summary numSequencePoints="13" visitedSequencePoints="0" numBranchPoints="5" visitedBranchPoints="0" sequenceCoverage="0" branchCoverage="0" maxCyclomaticComplexity="3" minCyclomaticComplexity="3" maxCrapScore="12" minCrapScore="12" visitedClasses="0" numClasses="0" visitedMethods="0" numMethods="1" />
              <MetadataToken>100663330</MetadataToken>
              <Name>System.Void DrawingModel.FormPresentationModel::HandleStateChanged()</Name>
              <FileRef uid="5" />
              <SequencePoints>
                <SequencePoint vc="0" uspid="103" ordinal="0" offset="0" sl="81" sc="9" el="81" ec="10" bec="0" bev="0" fileid="5" />
                <SequencePoint vc="0" uspid="104" ordinal="1" offset="1" sl="82" sc="13" el="82" ec="40" bec="2" bev="0" fileid="5" />
                <SequencePoint vc="0" uspid="105" ordinal="2" offset="16" sl="83" sc="13" el="83" ec="14" bec="0" bev="0" fileid="5" />
                <SequencePoint vc="0" uspid="106" ordinal="3" offset="17" sl="84" sc="17" el="84" ec="50" bec="0" bev="0" fileid="5" />
                <SequencePoint vc="0" uspid="107" ordinal="4" offset="34" sl="85" sc="13" el="85" ec="14" bec="0" bev="0" fileid="5" />
                <SequencePoint vc="0" uspid="108" ordinal="5" offset="37" sl="86" sc="18" el="86" ec="58" bec="2" bev="0" fileid="5" />
                <SequencePoint vc="0" uspid="109" ordinal="6" offset="60" sl="87" sc="13" el="87" ec="14" bec="0" bev="0" fileid="5" />
                <SequencePoint vc="0" uspid="110" ordinal="7" offset="61" sl="88" sc="17" el="88" ec="47" bec="0" bev="0" fileid="5" />
                <SequencePoint vc="0" uspid="111" ordinal="8" offset="78" sl="89" sc="13" el="89" ec="14" bec="0" bev="0" fileid="5" />
                <SequencePoint vc="0" uspid="112" ordinal="9" offset="81" sl="91" sc="13" el="91" ec="14" bec="0" bev="0" fileid="5" />
                <SequencePoint vc="0" uspid="113" ordinal="10" offset="82" sl="92" sc="17" el="92" ec="49" bec="0" bev="0" fileid="5" />
                <SequencePoint vc="0" uspid="114" ordinal="11" offset="99" sl="93" sc="13" el="93" ec="14" bec="0" bev="0" fileid="5" />
                <SequencePoint vc="0" uspid="115" ordinal="12" offset="100" sl="94" sc="9" el="94" ec="10" bec="0" bev="0" fileid="5" />
              </SequencePoints>
              <BranchPoints>
                <BranchPoint vc="0" uspid="116" ordinal="0" offset="14" sl="82" path="0" offsetend="16" fileid="5" />
                <BranchPoint vc="0" uspid="117" ordinal="1" offset="14" sl="82" path="1" offsetend="37" fileid="5" />
                <BranchPoint vc="0" uspid="118" ordinal="2" offset="58" sl="86" path="0" offsetend="60" fileid="5" />
                <BranchPoint vc="0" uspid="119" ordinal="3" offset="58" sl="86" path="1" offsetend="81" fileid="5" />
              </BranchPoints>
              <MethodPoint xsi:type="SequencePoint" vc="0" uspid="103" ordinal="0" offset="0" sl="81" sc="9" el="81" ec="10" bec="0" bev="0" fileid="5" />
            </Method>
            <Method visited="false" cyclomaticComplexity="2" nPathComplexity="2" sequenceCoverage="0" branchCoverage="0" crapScore="6" isConstructor="false" isStatic="false" isGetter="false" isSetter="false">
              <Summary numSequencePoints="7" visitedSequencePoints="0" numBranchPoints="3" visitedBranchPoints="0" sequenceCoverage="0" branchCoverage="0" maxCyclomaticComplexity="2" minCyclomaticComplexity="2" maxCrapScore="6" minCrapScore="6" visitedClasses="0" numClasses="0" visitedMethods="0" numMethods="1" />
              <MetadataToken>100663331</MetadataToken>
              <Name>System.Void DrawingModel.FormPresentationModel::ModelInfoCellClick(System.Int32,System.Int32)</Name>
              <FileRef uid="5" />
              <SequencePoints>
                <SequencePoint vc="0" uspid="120" ordinal="0" offset="0" sl="98" sc="9" el="98" ec="10" bec="0" bev="0" fileid="5" />
                <SequencePoint vc="0" uspid="121" ordinal="1" offset="1" sl="99" sc="13" el="99" ec="28" bec="2" bev="0" fileid="5" />
                <SequencePoint vc="0" uspid="122" ordinal="2" offset="9" sl="100" sc="13" el="100" ec="14" bec="0" bev="0" fileid="5" />
                <SequencePoint vc="0" uspid="123" ordinal="3" offset="10" sl="101" sc="17" el="101" ec="46" bec="0" bev="0" fileid="5" />
                <SequencePoint vc="0" uspid="124" ordinal="4" offset="23" sl="102" sc="17" el="102" ec="45" bec="0" bev="0" fileid="5" />
                <SequencePoint vc="0" uspid="125" ordinal="5" offset="35" sl="103" sc="13" el="103" ec="14" bec="0" bev="0" fileid="5" />
                <SequencePoint vc="0" uspid="126" ordinal="6" offset="36" sl="104" sc="9" el="104" ec="10" bec="0" bev="0" fileid="5" />
              </SequencePoints>
              <BranchPoints>
                <BranchPoint vc="0" uspid="127" ordinal="0" offset="7" sl="99" path="0" offsetend="9" fileid="5" />
                <BranchPoint vc="0" uspid="128" ordinal="1" offset="7" sl="99" path="1" offsetend="36" fileid="5" />
              </BranchPoints>
              <MethodPoint xsi:type="SequencePoint" vc="0" uspid="120" ordinal="0" offset="0" sl="98" sc="9" el="98" ec="10" bec="0" bev="0" fileid="5" />
            </Method>
            <Method visited="false" cyclomaticComplexity="1" nPathComplexity="0" sequenceCoverage="0" branchCoverage="0" crapScore="2" isConstructor="false" isStatic="false" isGetter="false" isSetter="false">
              <Summary numSequencePoints="3" visitedSequencePoints="0" numBranchPoints="1" visitedBranchPoints="0" sequenceCoverage="0" branchCoverage="0" maxCyclomaticComplexity="1" minCyclomaticComplexity="1" maxCrapScore="2" minCrapScore="2" visitedClasses="0" numClasses="0" visitedMethods="0" numMethods="1" />
              <MetadataToken>100663332</MetadataToken>
              <Name>System.Void DrawingModel.FormPresentationModel::Draw(System.Drawing.Graphics)</Name>
              <FileRef uid="5" />
              <SequencePoints>
                <SequencePoint vc="0" uspid="129" ordinal="0" offset="0" sl="108" sc="9" el="108" ec="10" bec="0" bev="0" fileid="5" />
                <SequencePoint vc="0" uspid="130" ordinal="1" offset="1" sl="109" sc="13" el="109" ec="61" bec="0" bev="0" fileid="5" />
                <SequencePoint vc="0" uspid="131" ordinal="2" offset="19" sl="110" sc="9" el="110" ec="10" bec="0" bev="0" fileid="5" />
              </SequencePoints>
              <BranchPoints />
              <MethodPoint xsi:type="SequencePoint" vc="0" uspid="129" ordinal="0" offset="0" sl="108" sc="9" el="108" ec="10" bec="0" bev="0" fileid="5" />
            </Method>
            <Method visited="false" cyclomaticComplexity="1" nPathComplexity="0" sequenceCoverage="0" branchCoverage="0" crapScore="2" isConstructor="false" isStatic="false" isGetter="false" isSetter="false">
              <Summary numSequencePoints="3" visitedSequencePoints="0" numBranchPoints="1" visitedBranchPoints="0" sequenceCoverage="0" branchCoverage="0" maxCyclomaticComplexity="1" minCyclomaticComplexity="1" maxCrapScore="2" minCrapScore="2" visitedClasses="0" numClasses="0" visitedMethods="0" numMethods="1" />
              <MetadataToken>100663333</MetadataToken>
              <Name>System.Void DrawingModel.FormPresentationModel::HandleCanvasPressed(System.Single,System.Single)</Name>
              <FileRef uid="5" />
              <SequencePoints>
                <SequencePoint vc="0" uspid="132" ordinal="0" offset="0" sl="114" sc="9" el="114" ec="10" bec="0" bev="0" fileid="5" />
                <SequencePoint vc="0" uspid="133" ordinal="1" offset="1" sl="115" sc="13" el="115" ec="58" bec="0" bev="0" fileid="5" />
                <SequencePoint vc="0" uspid="134" ordinal="2" offset="15" sl="116" sc="9" el="116" ec="10" bec="0" bev="0" fileid="5" />
              </SequencePoints>
              <BranchPoints />
              <MethodPoint xsi:type="SequencePoint" vc="0" uspid="132" ordinal="0" offset="0" sl="114" sc="9" el="114" ec="10" bec="0" bev="0" fileid="5" />
            </Method>
            <Method visited="false" cyclomaticComplexity="1" nPathComplexity="0" sequenceCoverage="0" branchCoverage="0" crapScore="2" isConstructor="false" isStatic="false" isGetter="false" isSetter="false">
              <Summary numSequencePoints="3" visitedSequencePoints="0" numBranchPoints="1" visitedBranchPoints="0" sequenceCoverage="0" branchCoverage="0" maxCyclomaticComplexity="1" minCyclomaticComplexity="1" maxCrapScore="2" minCrapScore="2" visitedClasses="0" numClasses="0" visitedMethods="0" numMethods="1" />
              <MetadataToken>100663334</MetadataToken>
              <Name>System.Void DrawingModel.FormPresentationModel::HandleCanvasMoved(System.Single,System.Single)</Name>
              <FileRef uid="5" />
              <SequencePoints>
                <SequencePoint vc="0" uspid="135" ordinal="0" offset="0" sl="120" sc="9" el="120" ec="10" bec="0" bev="0" fileid="5" />
                <SequencePoint vc="0" uspid="136" ordinal="1" offset="1" sl="121" sc="13" el="121" ec="56" bec="0" bev="0" fileid="5" />
                <SequencePoint vc="0" uspid="137" ordinal="2" offset="15" sl="122" sc="9" el="122" ec="10" bec="0" bev="0" fileid="5" />
              </SequencePoints>
              <BranchPoints />
              <MethodPoint xsi:type="SequencePoint" vc="0" uspid="135" ordinal="0" offset="0" sl="120" sc="9" el="120" ec="10" bec="0" bev="0" fileid="5" />
            </Method>
            <Method visited="false" cyclomaticComplexity="2" nPathComplexity="2" sequenceCoverage="0" branchCoverage="0" crapScore="6" isConstructor="false" isStatic="false" isGetter="false" isSetter="false">
              <Summary numSequencePoints="11" visitedSequencePoints="0" numBranchPoints="3" visitedBranchPoints="0" sequenceCoverage="0" branchCoverage="0" maxCyclomaticComplexity="2" minCyclomaticComplexity="2" maxCrapScore="6" minCrapScore="6" visitedClasses="0" numClasses="0" visitedMethods="0" numMethods="1" />
              <MetadataToken>100663335</MetadataToken>
              <Name>System.Void DrawingModel.FormPresentationModel::HandleCanvasReleased(System.Single,System.Single)</Name>
              <FileRef uid="5" />
              <SequencePoints>
                <SequencePoint vc="0" uspid="138" ordinal="0" offset="0" sl="126" sc="9" el="126" ec="10" bec="0" bev="0" fileid="5" />
                <SequencePoint vc="0" uspid="139" ordinal="1" offset="1" sl="127" sc="13" el="127" ec="27" bec="2" bev="0" fileid="5" />
                <SequencePoint vc="0" uspid="140" ordinal="2" offset="11" sl="128" sc="13" el="128" ec="14" bec="0" bev="0" fileid="5" />
                <SequencePoint vc="0" uspid="141" ordinal="3" offset="12" sl="129" sc="17" el="129" ec="41" bec="0" bev="0" fileid="5" />
                <SequencePoint vc="0" uspid="142" ordinal="4" offset="20" sl="130" sc="17" el="130" ec="38" bec="0" bev="0" fileid="5" />
                <SequencePoint vc="0" uspid="143" ordinal="5" offset="28" sl="131" sc="17" el="131" ec="43" bec="0" bev="0" fileid="5" />
                <SequencePoint vc="0" uspid="144" ordinal="6" offset="36" sl="132" sc="17" el="132" ec="37" bec="0" bev="0" fileid="5" />
                <SequencePoint vc="0" uspid="145" ordinal="7" offset="44" sl="133" sc="17" el="133" ec="39" bec="0" bev="0" fileid="5" />
                <SequencePoint vc="0" uspid="146" ordinal="8" offset="51" sl="134" sc="13" el="134" ec="14" bec="0" bev="0" fileid="5" />
                <SequencePoint vc="0" uspid="147" ordinal="9" offset="52" sl="135" sc="13" el="135" ec="59" bec="0" bev="0" fileid="5" />
                <SequencePoint vc="0" uspid="148" ordinal="10" offset="66" sl="136" sc="9" el="136" ec="10" bec="0" bev="0" fileid="5" />
              </SequencePoints>
              <BranchPoints>
                <BranchPoint vc="0" uspid="149" ordinal="0" offset="9" sl="127" path="0" offsetend="11" fileid="5" />
                <BranchPoint vc="0" uspid="150" ordinal="1" offset="9" sl="127" path="1" offsetend="52" fileid="5" />
              </BranchPoints>
              <MethodPoint xsi:type="SequencePoint" vc="0" uspid="138" ordinal="0" offset="0" sl="126" sc="9" el="126" ec="10" bec="0" bev="0" fileid="5" />
            </Method>
            <Method visited="false" cyclomaticComplexity="4" nPathComplexity="8" sequenceCoverage="0" branchCoverage="0" crapScore="20" isConstructor="false" isStatic="false" isGetter="false" isSetter="false">
              <Summary numSequencePoints="7" visitedSequencePoints="0" numBranchPoints="7" visitedBranchPoints="0" sequenceCoverage="0" branchCoverage="0" maxCyclomaticComplexity="4" minCyclomaticComplexity="4" maxCrapScore="20" minCrapScore="20" visitedClasses="0" numClasses="0" visitedMethods="0" numMethods="1" />
              <MetadataToken>100663336</MetadataToken>
              <Name>System.String DrawingModel.FormPresentationModel::GetShapeNameToAdd(System.String)</Name>
              <FileRef uid="5" />
              <SequencePoints>
                <SequencePoint vc="0" uspid="151" ordinal="0" offset="0" sl="140" sc="9" el="140" ec="10" bec="0" bev="0" fileid="5" />
                <SequencePoint vc="0" uspid="152" ordinal="1" offset="1" sl="141" sc="13" el="141" ec="31" bec="6" bev="0" fileid="5" />
                <SequencePoint vc="0" uspid="153" ordinal="2" offset="46" sl="144" sc="21" el="144" ec="62" bec="0" bev="0" fileid="5" />
                <SequencePoint vc="0" uspid="154" ordinal="3" offset="54" sl="146" sc="21" el="146" ec="67" bec="0" bev="0" fileid="5" />
                <SequencePoint vc="0" uspid="155" ordinal="4" offset="62" sl="148" sc="21" el="148" ec="65" bec="0" bev="0" fileid="5" />
                <SequencePoint vc="0" uspid="156" ordinal="5" offset="70" sl="150" sc="21" el="150" ec="41" bec="0" bev="0" fileid="5" />
                <SequencePoint vc="0" uspid="157" ordinal="6" offset="78" sl="152" sc="9" el="152" ec="10" bec="0" bev="0" fileid="5" />
              </SequencePoints>
              <BranchPoints>
                <BranchPoint vc="0" uspid="158" ordinal="0" offset="16" sl="141" path="0" offsetend="18" fileid="5" />
                <BranchPoint vc="0" uspid="159" ordinal="1" offset="16" sl="141" path="1" offsetend="46" fileid="5" />
                <BranchPoint vc="0" uspid="160" ordinal="2" offset="29" sl="141" path="0" offsetend="31" fileid="5" />
                <BranchPoint vc="0" uspid="161" ordinal="3" offset="29" sl="141" path="1" offsetend="54" fileid="5" />
                <BranchPoint vc="0" uspid="162" ordinal="4" offset="42" sl="141" path="0" offsetchain="44" offsetend="70" fileid="5" />
                <BranchPoint vc="0" uspid="163" ordinal="5" offset="42" sl="141" path="1" offsetend="62" fileid="5" />
              </BranchPoints>
              <MethodPoint xsi:type="SequencePoint" vc="0" uspid="151" ordinal="0" offset="0" sl="140" sc="9" el="140" ec="10" bec="0" bev="0" fileid="5" />
            </Method>
            <Method visited="false" cyclomaticComplexity="5" nPathComplexity="8" sequenceCoverage="0" branchCoverage="0" crapScore="30" isConstructor="false" isStatic="false" isGetter="false" isSetter="false">
              <Summary numSequencePoints="8" visitedSequencePoints="0" numBranchPoints="7" visitedBranchPoints="0" sequenceCoverage="0" branchCoverage="0" maxCyclomaticComplexity="5" minCyclomaticComplexity="5" maxCrapScore="30" minCrapScore="30" visitedClasses="0" numClasses="0" visitedMethods="0" numMethods="1" />
              <MetadataToken>100663337</MetadataToken>
              <Name>System.Void DrawingModel.FormPresentationModel::ProcessAddShapeButton(System.Windows.Forms.ComboBox,System.Drawing.Size)</Name>
              <FileRef uid="5" />
              <SequencePoints>
                <SequencePoint vc="0" uspid="164" ordinal="0" offset="0" sl="156" sc="9" el="156" ec="10" bec="0" bev="0" fileid="5" />
                <SequencePoint vc="0" uspid="165" ordinal="1" offset="1" sl="157" sc="13" el="157" ec="69" bec="0" bev="0" fileid="5" />
                <SequencePoint vc="0" uspid="166" ordinal="2" offset="14" sl="158" sc="13" el="158" ec="91" bec="6" bev="0" fileid="5" />
                <SequencePoint vc="0" uspid="167" ordinal="3" offset="51" sl="159" sc="13" el="159" ec="14" bec="0" bev="0" fileid="5" />
                <SequencePoint vc="0" uspid="168" ordinal="4" offset="52" sl="160" sc="17" el="160" ec="24" bec="0" bev="0" fileid="5" />
                <SequencePoint vc="0" uspid="169" ordinal="5" offset="54" sl="162" sc="13" el="162" ec="47" bec="0" bev="0" fileid="5" />
                <SequencePoint vc="0" uspid="170" ordinal="6" offset="68" sl="163" sc="13" el="163" ec="41" bec="0" bev="0" fileid="5" />
                <SequencePoint vc="0" uspid="171" ordinal="7" offset="80" sl="164" sc="9" el="164" ec="10" bec="0" bev="0" fileid="5" />
              </SequencePoints>
              <BranchPoints>
                <BranchPoint vc="0" uspid="172" ordinal="0" offset="20" sl="158" path="0" offsetend="22" fileid="5" />
                <BranchPoint vc="0" uspid="173" ordinal="1" offset="20" sl="158" path="1" offsetend="46" fileid="5" />
                <BranchPoint vc="0" uspid="174" ordinal="2" offset="29" sl="158" path="0" offsetend="31" fileid="5" />
                <BranchPoint vc="0" uspid="175" ordinal="3" offset="29" sl="158" path="1" offsetend="43" fileid="5" />
                <BranchPoint vc="0" uspid="176" ordinal="4" offset="49" sl="158" path="0" offsetend="51" fileid="5" />
                <BranchPoint vc="0" uspid="177" ordinal="5" offset="49" sl="158" path="1" offsetend="54" fileid="5" />
              </BranchPoints>
              <MethodPoint xsi:type="SequencePoint" vc="0" uspid="164" ordinal="0" offset="0" sl="156" sc="9" el="156" ec="10" bec="0" bev="0" fileid="5" />
            </Method>
            <Method visited="false" cyclomaticComplexity="1" nPathComplexity="0" sequenceCoverage="0" branchCoverage="0" crapScore="2" isConstructor="false" isStatic="false" isGetter="false" isSetter="false">
              <Summary numSequencePoints="9" visitedSequencePoints="0" numBranchPoints="1" visitedBranchPoints="0" sequenceCoverage="0" branchCoverage="0" maxCyclomaticComplexity="1" minCyclomaticComplexity="1" maxCrapScore="2" minCrapScore="2" visitedClasses="0" numClasses="0" visitedMethods="0" numMethods="1" />
              <MetadataToken>100663338</MetadataToken>
              <Name>System.Void DrawingModel.FormPresentationModel::ProcessLineBotton()</Name>
              <FileRef uid="5" />
              <SequencePoints>
                <SequencePoint vc="0" uspid="178" ordinal="0" offset="0" sl="168" sc="9" el="168" ec="10" bec="0" bev="0" fileid="5" />
                <SequencePoint vc="0" uspid="179" ordinal="1" offset="1" sl="169" sc="13" el="169" ec="87" bec="0" bev="0" fileid="5" />
                <SequencePoint vc="0" uspid="180" ordinal="2" offset="23" sl="170" sc="13" el="170" ec="60" bec="0" bev="0" fileid="5" />
                <SequencePoint vc="0" uspid="181" ordinal="3" offset="46" sl="171" sc="13" el="171" ec="44" bec="0" bev="0" fileid="5" />
                <SequencePoint vc="0" uspid="182" ordinal="4" offset="59" sl="172" sc="13" el="172" ec="41" bec="0" bev="0" fileid="5" />
                <SequencePoint vc="0" uspid="183" ordinal="5" offset="71" sl="173" sc="13" el="173" ec="33" bec="0" bev="0" fileid="5" />
                <SequencePoint vc="0" uspid="184" ordinal="6" offset="79" sl="174" sc="13" el="174" ec="72" bec="0" bev="0" fileid="5" />
                <SequencePoint vc="0" uspid="185" ordinal="7" offset="107" sl="175" sc="13" el="175" ec="35" bec="0" bev="0" fileid="5" />
                <SequencePoint vc="0" uspid="186" ordinal="8" offset="114" sl="176" sc="9" el="176" ec="10" bec="0" bev="0" fileid="5" />
              </SequencePoints>
              <BranchPoints />
              <MethodPoint xsi:type="SequencePoint" vc="0" uspid="178" ordinal="0" offset="0" sl="168" sc="9" el="168" ec="10" bec="0" bev="0" fileid="5" />
            </Method>
            <Method visited="false" cyclomaticComplexity="1" nPathComplexity="0" sequenceCoverage="0" branchCoverage="0" crapScore="2" isConstructor="false" isStatic="false" isGetter="false" isSetter="false">
              <Summary numSequencePoints="9" visitedSequencePoints="0" numBranchPoints="1" visitedBranchPoints="0" sequenceCoverage="0" branchCoverage="0" maxCyclomaticComplexity="1" minCyclomaticComplexity="1" maxCrapScore="2" minCrapScore="2" visitedClasses="0" numClasses="0" visitedMethods="0" numMethods="1" />
              <MetadataToken>100663339</MetadataToken>
              <Name>System.Void DrawingModel.FormPresentationModel::ProcessRectangleButton()</Name>
              <FileRef uid="5" />
              <SequencePoints>
                <SequencePoint vc="0" uspid="187" ordinal="0" offset="0" sl="180" sc="9" el="180" ec="10" bec="0" bev="0" fileid="5" />
                <SequencePoint vc="0" uspid="188" ordinal="1" offset="1" sl="181" sc="13" el="181" ec="38" bec="0" bev="0" fileid="5" />
                <SequencePoint vc="0" uspid="189" ordinal="2" offset="9" sl="182" sc="13" el="182" ec="67" bec="0" bev="0" fileid="5" />
                <SequencePoint vc="0" uspid="190" ordinal="3" offset="37" sl="183" sc="13" el="183" ec="92" bec="0" bev="0" fileid="5" />
                <SequencePoint vc="0" uspid="191" ordinal="4" offset="59" sl="184" sc="13" el="184" ec="60" bec="0" bev="0" fileid="5" />
                <SequencePoint vc="0" uspid="192" ordinal="5" offset="82" sl="185" sc="13" el="185" ec="44" bec="0" bev="0" fileid="5" />
                <SequencePoint vc="0" uspid="193" ordinal="6" offset="95" sl="186" sc="13" el="186" ec="41" bec="0" bev="0" fileid="5" />
                <SequencePoint vc="0" uspid="194" ordinal="7" offset="107" sl="187" sc="13" el="187" ec="35" bec="0" bev="0" fileid="5" />
                <SequencePoint vc="0" uspid="195" ordinal="8" offset="114" sl="188" sc="9" el="188" ec="10" bec="0" bev="0" fileid="5" />
              </SequencePoints>
              <BranchPoints />
              <MethodPoint xsi:type="SequencePoint" vc="0" uspid="187" ordinal="0" offset="0" sl="180" sc="9" el="180" ec="10" bec="0" bev="0" fileid="5" />
            </Method>
            <Method visited="false" cyclomaticComplexity="1" nPathComplexity="0" sequenceCoverage="0" branchCoverage="0" crapScore="2" isConstructor="false" isStatic="false" isGetter="false" isSetter="false">
              <Summary numSequencePoints="9" visitedSequencePoints="0" numBranchPoints="1" visitedBranchPoints="0" sequenceCoverage="0" branchCoverage="0" maxCyclomaticComplexity="1" minCyclomaticComplexity="1" maxCrapScore="2" minCrapScore="2" visitedClasses="0" numClasses="0" visitedMethods="0" numMethods="1" />
              <MetadataToken>100663340</MetadataToken>
              <Name>System.Void DrawingModel.FormPresentationModel::ProcessEllispeButton()</Name>
              <FileRef uid="5" />
              <SequencePoints>
                <SequencePoint vc="0" uspid="196" ordinal="0" offset="0" sl="192" sc="9" el="192" ec="10" bec="0" bev="0" fileid="5" />
                <SequencePoint vc="0" uspid="197" ordinal="1" offset="1" sl="193" sc="13" el="193" ec="90" bec="0" bev="0" fileid="5" />
                <SequencePoint vc="0" uspid="198" ordinal="2" offset="23" sl="194" sc="13" el="194" ec="60" bec="0" bev="0" fileid="5" />
                <SequencePoint vc="0" uspid="199" ordinal="3" offset="46" sl="195" sc="13" el="195" ec="44" bec="0" bev="0" fileid="5" />
                <SequencePoint vc="0" uspid="200" ordinal="4" offset="59" sl="196" sc="13" el="196" ec="41" bec="0" bev="0" fileid="5" />
                <SequencePoint vc="0" uspid="201" ordinal="5" offset="71" sl="197" sc="13" el="197" ec="69" bec="0" bev="0" fileid="5" />
                <SequencePoint vc="0" uspid="202" ordinal="6" offset="99" sl="198" sc="13" el="198" ec="36" bec="0" bev="0" fileid="5" />
                <SequencePoint vc="0" uspid="203" ordinal="7" offset="107" sl="199" sc="13" el="199" ec="35" bec="0" bev="0" fileid="5" />
                <SequencePoint vc="0" uspid="204" ordinal="8" offset="114" sl="200" sc="9" el="200" ec="10" bec="0" bev="0" fileid="5" />
              </SequencePoints>
              <BranchPoints />
              <MethodPoint xsi:type="SequencePoint" vc="0" uspid="196" ordinal="0" offset="0" sl="192" sc="9" el="192" ec="10" bec="0" bev="0" fileid="5" />
            </Method>
            <Method visited="false" cyclomaticComplexity="1" nPathComplexity="0" sequenceCoverage="0" branchCoverage="0" crapScore="2" isConstructor="false" isStatic="false" isGetter="false" isSetter="false">
              <Summary numSequencePoints="8" visitedSequencePoints="0" numBranchPoints="1" visitedBranchPoints="0" sequenceCoverage="0" branchCoverage="0" maxCyclomaticComplexity="1" minCyclomaticComplexity="1" maxCrapScore="2" minCrapScore="2" visitedClasses="0" numClasses="0" visitedMethods="0" numMethods="1" />
              <MetadataToken>100663341</MetadataToken>
              <Name>System.Void DrawingModel.FormPresentationModel::ProcessCursorButton()</Name>
              <FileRef uid="5" />
              <SequencePoints>
                <SequencePoint vc="0" uspid="205" ordinal="0" offset="0" sl="204" sc="9" el="204" ec="10" bec="0" bev="0" fileid="5" />
                <SequencePoint vc="0" uspid="206" ordinal="1" offset="1" sl="205" sc="13" el="205" ec="57" bec="0" bev="0" fileid="5" />
                <SequencePoint vc="0" uspid="207" ordinal="2" offset="24" sl="206" sc="13" el="206" ec="44" bec="0" bev="0" fileid="5" />
                <SequencePoint vc="0" uspid="208" ordinal="3" offset="37" sl="207" sc="13" el="207" ec="41" bec="0" bev="0" fileid="5" />
                <SequencePoint vc="0" uspid="209" ordinal="4" offset="49" sl="208" sc="13" el="208" ec="72" bec="0" bev="0" fileid="5" />
                <SequencePoint vc="0" uspid="210" ordinal="5" offset="77" sl="209" sc="13" el="209" ec="33" bec="0" bev="0" fileid="5" />
                <SequencePoint vc="0" uspid="211" ordinal="6" offset="85" sl="210" sc="13" el="210" ec="35" bec="0" bev="0" fileid="5" />
                <SequencePoint vc="0" uspid="212" ordinal="7" offset="92" sl="211" sc="9" el="211" ec="10" bec="0" bev="0" fileid="5" />
              </SequencePoints>
              <BranchPoints />
              <MethodPoint xsi:type="SequencePoint" vc="0" uspid="205" ordinal="0" offset="0" sl="204" sc="9" el="204" ec="10" bec="0" bev="0" fileid="5" />
            </Method>
            <Method visited="false" cyclomaticComplexity="1" nPathComplexity="0" sequenceCoverage="0" branchCoverage="0" crapScore="2" isConstructor="false" isStatic="false" isGetter="false" isSetter="false">
              <Summary numSequencePoints="3" visitedSequencePoints="0" numBranchPoints="1" visitedBranchPoints="0" sequenceCoverage="0" branchCoverage="0" maxCyclomaticComplexity="1" minCyclomaticComplexity="1" maxCrapScore="2" minCrapScore="2" visitedClasses="0" numClasses="0" visitedMethods="0" numMethods="1" />
              <MetadataToken>100663342</MetadataToken>
              <Name>System.Void DrawingModel.FormPresentationModel::HandleKeyDown(System.Windows.Forms.Keys)</Name>
              <FileRef uid="5" />
              <SequencePoints>
                <SequencePoint vc="0" uspid="213" ordinal="0" offset="0" sl="215" sc="9" el="215" ec="10" bec="0" bev="0" fileid="5" />
                <SequencePoint vc="0" uspid="214" ordinal="1" offset="1" sl="216" sc="13" el="216" ec="40" bec="0" bev="0" fileid="5" />
                <SequencePoint vc="0" uspid="215" ordinal="2" offset="14" sl="217" sc="9" el="217" ec="10" bec="0" bev="0" fileid="5" />
              </SequencePoints>
              <BranchPoints />
              <MethodPoint xsi:type="SequencePoint" vc="0" uspid="213" ordinal="0" offset="0" sl="215" sc="9" el="215" ec="10" bec="0" bev="0" fileid="5" />
            </Method>
            <Method visited="false" cyclomaticComplexity="1" nPathComplexity="0" sequenceCoverage="0" branchCoverage="0" crapScore="2" isConstructor="false" isStatic="false" isGetter="false" isSetter="false">
              <Summary numSequencePoints="13" visitedSequencePoints="0" numBranchPoints="1" visitedBranchPoints="0" sequenceCoverage="0" branchCoverage="0" maxCyclomaticComplexity="1" minCyclomaticComplexity="1" maxCrapScore="2" minCrapScore="2" visitedClasses="0" numClasses="0" visitedMethods="0" numMethods="1" />
              <MetadataToken>100663343</MetadataToken>
              <Name>System.Void DrawingModel.FormPresentationModel::AddSlideButton(System.Windows.Forms.FlowLayoutPanel)</Name>
              <FileRef uid="5" />
              <SequencePoints>
                <SequencePoint vc="0" uspid="216" ordinal="0" offset="0" sl="221" sc="9" el="221" ec="10" bec="0" bev="0" fileid="5" />
                <SequencePoint vc="0" uspid="217" ordinal="1" offset="1" sl="222" sc="13" el="222" ec="51" bec="0" bev="0" fileid="5" />
                <SequencePoint vc="0" uspid="218" ordinal="2" offset="10" sl="223" sc="13" el="223" ec="96" bec="0" bev="0" fileid="5" />
                <SequencePoint vc="0" uspid="219" ordinal="3" offset="18" sl="226" sc="13" el="226" ec="41" bec="0" bev="0" fileid="5" />
                <SequencePoint vc="0" uspid="220" ordinal="4" offset="24" sl="227" sc="13" el="227" ec="69" bec="0" bev="0" fileid="5" />
                <SequencePoint vc="0" uspid="221" ordinal="5" offset="36" sl="228" sc="13" el="228" ec="53" bec="0" bev="0" fileid="5" />
                <SequencePoint vc="0" uspid="222" ordinal="6" offset="50" sl="229" sc="13" el="229" ec="59" bec="0" bev="0" fileid="5" />
                <SequencePoint vc="0" uspid="223" ordinal="7" offset="66" sl="230" sc="13" el="230" ec="48" bec="0" bev="0" fileid="5" />
                <SequencePoint vc="0" uspid="224" ordinal="8" offset="78" sl="231" sc="13" el="231" ec="69" bec="0" bev="0" fileid="5" />
                <SequencePoint vc="0" uspid="225" ordinal="9" offset="92" sl="232" sc="13" el="232" ec="39" bec="0" bev="0" fileid="5" />
                <SequencePoint vc="0" uspid="226" ordinal="10" offset="100" sl="233" sc="13" el="233" ec="58" bec="0" bev="0" fileid="5" />
[...]
              <MetadataToken>100663487</MetadataToken>
              <Name>DrawingModel.Shape DrawingModel.ShapeFactory::CreateShape(System.String)</Name>
              <FileRef uid="20" />
              <SequencePoints>
                <SequencePoint vc="0" uspid="938" ordinal="0" offset="0" sl="16" sc="9" el="16" ec="10" bec="0" bev="0" fileid="20" />
                <SequencePoint vc="0" uspid="939" ordinal="1" offset="1" sl="17" sc="13" el="18" ec="49" bec="0" bev="0" fileid="20" />
                <SequencePoint vc="0" uspid="940" ordinal="2" offset="25" sl="19" sc="9" el="19" ec="10" bec="0" bev="0" fileid="20" />
              </SequencePoints>
              <BranchPoints />
              <MethodPoint xsi:type="SequencePoint" vc="0" uspid="938" ordinal="0" offset="0" sl="16" sc="9" el="16" ec="10" bec="0" bev="0" fileid="20" />
            </Method>
            <Method visited="false" cyclomaticComplexity="1" nPathComplexity="0" sequenceCoverage="0" branchCoverage="0" crapScore="2" isConstructor="true" isStatic="false" isGetter="false" isSetter="false">
              <Summary numSequencePoints="0" visitedSequencePoints="0" numBranchPoints="0" visitedBranchPoints="0" sequenceCoverage="0" branchCoverage="0" maxCyclomaticComplexity="1" minCyclomaticComplexity="1" maxCrapScore="2" minCrapScore="2" visitedClasses="0" numClasses="0" visitedMethods="0" numMethods="0" />
              <MetadataToken>100663488</MetadataToken>
              <Name>System.Void DrawingModel.ShapeFactory::.ctor()</Name>
              <SequencePoints />
              <BranchPoints />
              <MethodPoint vc="0" uspid="941" ordinal="0" offset="0" />
            </Method>
          </Methods>
        </Class>
        <Class>
          <Summary numSequencePoints="52" visitedSequencePoints="0" numBranchPoints="14" visitedBranchPoints="0" sequenceCoverage="0" branchCoverage="0" maxCyclomaticComplexity="4" minCyclomaticComplexity="1" maxCrapScore="20" minCrapScore="2" visitedClasses="0" numClasses="1" visitedMethods="0" numMethods="10" />
          <FullName>DrawingModel.Shapes</FullName>
          <Methods>
            <Method visited="false" cyclomaticComplexity="1" nPathComplexity="0" sequenceCoverage="0" branchCoverage="0" crapScore="2" isConstructor="false" isStatic="false" isGetter="true" isSetter="false">
              <Summary numSequencePoints="1" visitedSequencePoints="0" numBranchPoints="1" visitedBranchPoints="0" sequenceCoverage="0" branchCoverage="0" maxCyclomaticComplexity="1" minCyclomaticComplexity="1" maxCrapScore="2" minCrapScore="2" visitedClasses="0" numClasses="0" visitedMethods="0" numMethods="1" />
              <MetadataToken>100663489</MetadataToken>
              <Name>System.ComponentModel.BindingList`1&lt;DrawingModel.Shape&gt; DrawingModel.Shapes::get_ShapeList()</Name>
              <FileRef uid="21" />
              <SequencePoints>
                <SequencePoint vc="0" uspid="942" ordinal="0" offset="0" sl="10" sc="13" el="10" ec="17" bec="0" bev="0" fileid="21" />
              </SequencePoints>
              <BranchPoints />
              <MethodPoint xsi:type="SequencePoint" vc="0" uspid="942" ordinal="0" offset="0" sl="10" sc="13" el="10" ec="17" bec="0" bev="0" fileid="21" />
            </Method>
            <Method visited="false" cyclomaticComplexity="1" nPathComplexity="0" sequenceCoverage="0" branchCoverage="0" crapScore="2" isConstructor="false" isStatic="false" isGetter="false" isSetter="true">
              <Summary numSequencePoints="1" visitedSequencePoints="0" numBranchPoints="1" visitedBranchPoints="0" sequenceCoverage="0" branchCoverage="0" maxCyclomaticComplexity="1" minCyclomaticComplexity="1" maxCrapScore="2" minCrapScore="2" visitedClasses="0" numClasses="0" visitedMethods="0" numMethods="1" />
              <MetadataToken>100663490</MetadataToken>
              <Name>System.Void DrawingModel.Shapes::set_ShapeList(System.ComponentModel.BindingList`1&lt;DrawingModel.Shape&gt;)</Name>
              <FileRef uid="21" />
              <SequencePoints>
                <SequencePoint vc="0" uspid="943" ordinal="0" offset="0" sl="11" sc="13" el="11" ec="17" bec="0" bev="0" fileid="21" />
              </SequencePoints>
              <BranchPoints />
              <MethodPoint xsi:type="SequencePoint" vc="0" uspid="943" ordinal="0" offset="0" sl="11" sc="13" el="11" ec="17" bec="0" bev="0" fileid="21" />
            </Method>
            <Method visited="false" cyclomaticComplexity="1" nPathComplexity="0" sequenceCoverage="0" branchCoverage="0" crapScore="2" isConstructor="true" isStatic="false" isGetter="false" isSetter="false">
              <Summary numSequencePoints="4" visitedSequencePoints="0" numBranchPoints="1" visitedBranchPoints="0" sequenceCoverage="0" branchCoverage="0" maxCyclomaticComplexity="1" minCyclomaticComplexity="1" maxCrapScore="2" minCrapScore="2" visitedClasses="0" numClasses="0" visitedMethods="0" numMethods="1" />
              <MetadataToken>100663491</MetadataToken>
              <Name>System.Void DrawingModel.Shapes::.ctor()</Name>
              <FileRef uid="21" />
              <SequencePoints>
                <SequencePoint vc="0" uspid="944" ordinal="0" offset="0" sl="14" sc="9" el="14" ec="24" bec="0" bev="0" fileid="21" />
                <SequencePoint vc="0" uspid="945" ordinal="1" offset="7" sl="15" sc="9" el="15" ec="10" bec="0" bev="0" fileid="21" />
                <SequencePoint vc="0" uspid="946" ordinal="2" offset="8" sl="16" sc="13" el="16" ec="50" bec="0" bev="0" fileid="21" />
                <SequencePoint vc="0" uspid="947" ordinal="3" offset="20" sl="17" sc="9" el="17" ec="10" bec="0" bev="0" fileid="21" />
              </SequencePoints>
              <BranchPoints />
              <MethodPoint xsi:type="SequencePoint" vc="0" uspid="944" ordinal="0" offset="0" sl="14" sc="9" el="14" ec="24" bec="0" bev="0" fileid="21" />
            </Method>
            <Method visited="false" cyclomaticComplexity="1" nPathComplexity="0" sequenceCoverage="0" branchCoverage="0" crapScore="2" isConstructor="false" isStatic="false" isGetter="false" isSetter="false">
              <Summary numSequencePoints="3" visitedSequencePoints="0" numBranchPoints="1" visitedBranchPoints="0" sequenceCoverage="0" branchCoverage="0" maxCyclomaticComplexity="1" minCyclomaticComplexity="1" maxCrapScore="2" minCrapScore="2" visitedClasses="0" numClasses="0" visitedMethods="0" numMethods="1" />
              <MetadataToken>100663492</MetadataToken>
              <Name>System.Collections.Generic.IEnumerator`1&lt;DrawingModel.Shape&gt; DrawingModel.Shapes::GetEnumerator()</Name>
              <FileRef uid="21" />
              <SequencePoints>
                <SequencePoint vc="0" uspid="948" ordinal="0" offset="0" sl="21" sc="9" el="21" ec="10" bec="0" bev="0" fileid="21" />
                <SequencePoint vc="0" uspid="949" ordinal="1" offset="1" sl="22" sc="13" el="22" ec="46" bec="0" bev="0" fileid="21" />
                <SequencePoint vc="0" uspid="950" ordinal="2" offset="15" sl="23" sc="9" el="23" ec="10" bec="0" bev="0" fileid="21" />
              </SequencePoints>
              <BranchPoints />
              <MethodPoint xsi:type="SequencePoint" vc="0" uspid="948" ordinal="0" offset="0" sl="21" sc="9" el="21" ec="10" bec="0" bev="0" fileid="21" />
            </Method>
            <Method visited="false" cyclomaticComplexity="2" nPathComplexity="2" sequenceCoverage="0" branchCoverage="0" crapScore="6" isConstructor="false" isStatic="false" isGetter="false" isSetter="false">
              <Summary numSequencePoints="7" visitedSequencePoints="0" numBranchPoints="3" visitedBranchPoints="0" sequenceCoverage="0" branchCoverage="0" maxCyclomaticComplexity="2" minCyclomaticComplexity="2" maxCrapScore="6" minCrapScore="6" visitedClasses="0" numClasses="0" visitedMethods="0" numMethods="1" />
              <MetadataToken>100663493</MetadataToken>
              <Name>System.Void DrawingModel.Shapes::AddShape(DrawingModel.Shape)</Name>
              <FileRef uid="21" />
              <SequencePoints>
                <SequencePoint vc="0" uspid="951" ordinal="0" offset="0" sl="27" sc="9" el="27" ec="10" bec="0" bev="0" fileid="21" />
                <SequencePoint vc="0" uspid="952" ordinal="1" offset="1" sl="28" sc="13" el="28" ec="34" bec="2" bev="0" fileid="21" />
                <SequencePoint vc="0" uspid="953" ordinal="2" offset="17" sl="29" sc="13" el="29" ec="14" bec="0" bev="0" fileid="21" />
                <SequencePoint vc="0" uspid="954" ordinal="3" offset="18" sl="30" sc="17" el="30" ec="38" bec="0" bev="0" fileid="21" />
                <SequencePoint vc="0" uspid="955" ordinal="4" offset="25" sl="31" sc="13" el="31" ec="14" bec="0" bev="0" fileid="21" />
                <SequencePoint vc="0" uspid="956" ordinal="5" offset="26" sl="32" sc="13" el="32" ec="34" bec="0" bev="0" fileid="21" />
                <SequencePoint vc="0" uspid="957" ordinal="6" offset="39" sl="33" sc="9" el="33" ec="10" bec="0" bev="0" fileid="21" />
              </SequencePoints>
              <BranchPoints>
                <BranchPoint vc="0" uspid="958" ordinal="0" offset="15" sl="28" path="0" offsetend="17" fileid="21" />
                <BranchPoint vc="0" uspid="959" ordinal="1" offset="15" sl="28" path="1" offsetend="26" fileid="21" />
              </BranchPoints>
              <MethodPoint xsi:type="SequencePoint" vc="0" uspid="951" ordinal="0" offset="0" sl="27" sc="9" el="27" ec="10" bec="0" bev="0" fileid="21" />
            </Method>
            <Method visited="false" cyclomaticComplexity="1" nPathComplexity="0" sequenceCoverage="0" branchCoverage="0" crapScore="2" isConstructor="false" isStatic="false" isGetter="false" isSetter="false">
              <Summary numSequencePoints="3" visitedSequencePoints="0" numBranchPoints="1" visitedBranchPoints="0" sequenceCoverage="0" branchCoverage="0" maxCyclomaticComplexity="1" minCyclomaticComplexity="1" maxCrapScore="2" minCrapScore="2" visitedClasses="0" numClasses="0" visitedMethods="0" numMethods="1" />
              <MetadataToken>100663494</MetadataToken>
              <Name>System.Void DrawingModel.Shapes::RemoveShape(System.Int32)</Name>
              <FileRef uid="21" />
              <SequencePoints>
                <SequencePoint vc="0" uspid="960" ordinal="0" offset="0" sl="37" sc="9" el="37" ec="10" bec="0" bev="0" fileid="21" />
                <SequencePoint vc="0" uspid="961" ordinal="1" offset="1" sl="38" sc="13" el="38" ec="39" bec="0" bev="0" fileid="21" />
                <SequencePoint vc="0" uspid="962" ordinal="2" offset="14" sl="39" sc="9" el="39" ec="10" bec="0" bev="0" fileid="21" />
              </SequencePoints>
              <BranchPoints />
              <MethodPoint xsi:type="SequencePoint" vc="0" uspid="960" ordinal="0" offset="0" sl="37" sc="9" el="37" ec="10" bec="0" bev="0" fileid="21" />
            </Method>
            <Method visited="false" cyclomaticComplexity="1" nPathComplexity="0" sequenceCoverage="0" branchCoverage="0" crapScore="2" isConstructor="false" isStatic="false" isGetter="false" isSetter="false">
              <Summary numSequencePoints="3" visitedSequencePoints="0" numBranchPoints="1" visitedBranchPoints="0" sequenceCoverage="0" branchCoverage="0" maxCyclomaticComplexity="1" minCyclomaticComplexity="1" maxCrapScore="2" minCrapScore="2" visitedClasses="0" numClasses="0" visitedMethods="0" numMethods="1" />
              <MetadataToken>100663495</MetadataToken>
              <Name>System.Void DrawingModel.Shapes::ClearShapes()</Name>
              <FileRef uid="21" />
              <SequencePoints>
                <SequencePoint vc="0" uspid="963" ordinal="0" offset="0" sl="43" sc="9" el="43" ec="10" bec="0" bev="0" fileid="21" />
                <SequencePoint vc="0" uspid="964" ordinal="1" offset="1" sl="44" sc="13" el="44" ec="31" bec="0" bev="0" fileid="21" />
                <SequencePoint vc="0" uspid="965" ordinal="2" offset="13" sl="45" sc="9" el="45" ec="10" bec="0" bev="0" fileid="21" />
              </SequencePoints>
              <BranchPoints />
              <MethodPoint xsi:type="SequencePoint" vc="0" uspid="963" ordinal="0" offset="0" sl="43" sc="9" el="43" ec="10" bec="0" bev="0" fileid="21" />
            </Method>
            <Method visited="false" cyclomaticComplexity="3" nPathComplexity="0" sequenceCoverage="0" branchCoverage="0" crapScore="12" isConstructor="false" isStatic="false" isGetter="false" isSetter="false">
              <Summary numSequencePoints="9" visitedSequencePoints="0" numBranchPoints="1" visitedBranchPoints="0" sequenceCoverage="0" branchCoverage="0" maxCyclomaticComplexity="3" minCyclomaticComplexity="3" maxCrapScore="12" minCrapScore="12" visitedClasses="0" numClasses="0" visitedMethods="0" numMethods="1" />
              <MetadataToken>100663496</MetadataToken>
              <Name>System.Void DrawingModel.Shapes::SetAllShapeSelected(System.Boolean)</Name>
              <FileRef uid="21" />
              <SequencePoints>
                <SequencePoint vc="0" uspid="966" ordinal="0" offset="0" sl="49" sc="9" el="49" ec="10" bec="0" bev="0" fileid="21" />
                <SequencePoint vc="0" uspid="967" ordinal="1" offset="1" sl="50" sc="13" el="50" ec="20" bec="0" bev="0" fileid="21" />
                <SequencePoint vc="0" uspid="968" ordinal="2" offset="2" sl="50" sc="37" el="50" ec="46" bec="0" bev="0" fileid="21" />
                <SequencePoint vc="0" uspid="969" ordinal="3" offset="16" sl="50" sc="22" el="50" ec="33" bec="0" bev="0" fileid="21" />
                <SequencePoint vc="0" uspid="970" ordinal="4" offset="23" sl="51" sc="13" el="51" ec="14" bec="0" bev="0" fileid="21" />
                <SequencePoint vc="0" uspid="971" ordinal="5" offset="24" sl="52" sc="17" el="52" ec="45" bec="0" bev="0" fileid="21" />
                <SequencePoint vc="0" uspid="972" ordinal="6" offset="32" sl="53" sc="13" el="53" ec="14" bec="0" bev="0" fileid="21" />
                <SequencePoint vc="0" uspid="973" ordinal="7" offset="33" sl="50" sc="34" el="50" ec="36" bec="0" bev="0" fileid="21" />
                <SequencePoint vc="0" uspid="974" ordinal="8" offset="54" sl="54" sc="9" el="54" ec="10" bec="0" bev="0" fileid="21" />
              </SequencePoints>
              <BranchPoints />
              <MethodPoint xsi:type="SequencePoint" vc="0" uspid="966" ordinal="0" offset="0" sl="49" sc="9" el="49" ec="10" bec="0" bev="0" fileid="21" />
            </Method>
            <Method visited="false" cyclomaticComplexity="4" nPathComplexity="2" sequenceCoverage="0" branchCoverage="0" crapScore="20" isConstructor="false" isStatic="false" isGetter="false" isSetter="false">
              <Summary numSequencePoints="12" visitedSequencePoints="0" numBranchPoints="3" visitedBranchPoints="0" sequenceCoverage="0" branchCoverage="0" maxCyclomaticComplexity="4" minCyclomaticComplexity="4" maxCrapScore="20" minCrapScore="20" visitedClasses="0" numClasses="0" visitedMethods="0" numMethods="1" />
              <MetadataToken>100663497</MetadataToken>
              <Name>System.Void DrawingModel.Shapes::ArrangeShapesPoints()</Name>
              <FileRef uid="21" />
              <SequencePoints>
                <SequencePoint vc="0" uspid="977" ordinal="0" offset="0" sl="58" sc="9" el="58" ec="10" bec="0" bev="0" fileid="21" />
                <SequencePoint vc="0" uspid="978" ordinal="1" offset="1" sl="59" sc="13" el="59" ec="20" bec="0" bev="0" fileid="21" />
                <SequencePoint vc="0" uspid="979" ordinal="2" offset="2" sl="59" sc="37" el="59" ec="46" bec="0" bev="0" fileid="21" />
                <SequencePoint vc="0" uspid="980" ordinal="3" offset="16" sl="59" sc="22" el="59" ec="33" bec="0" bev="0" fileid="21" />
                <SequencePoint vc="0" uspid="981" ordinal="4" offset="23" sl="60" sc="13" el="60" ec="14" bec="0" bev="0" fileid="21" />
                <SequencePoint vc="0" uspid="982" ordinal="5" offset="24" sl="61" sc="17" el="61" ec="38" bec="2" bev="0" fileid="21" />
                <SequencePoint vc="0" uspid="983" ordinal="6" offset="40" sl="62" sc="17" el="62" ec="18" bec="0" bev="0" fileid="21" />
                <SequencePoint vc="0" uspid="984" ordinal="7" offset="41" sl="63" sc="21" el="63" ec="42" bec="0" bev="0" fileid="21" />
                <SequencePoint vc="0" uspid="985" ordinal="8" offset="48" sl="64" sc="17" el="64" ec="18" bec="0" bev="0" fileid="21" />
                <SequencePoint vc="0" uspid="986" ordinal="9" offset="49" sl="65" sc="13" el="65" ec="14" bec="0" bev="0" fileid="21" />
                <SequencePoint vc="0" uspid="987" ordinal="10" offset="50" sl="59" sc="34" el="59" ec="36" bec="0" bev="0" fileid="21" />
                <SequencePoint vc="0" uspid="988" ordinal="11" offset="71" sl="66" sc="9" el="66" ec="10" bec="0" bev="0" fileid="21" />
              </SequencePoints>
              <BranchPoints>
                <BranchPoint vc="0" uspid="989" ordinal="0" offset="38" sl="61" path="0" offsetend="40" fileid="21" />
                <BranchPoint vc="0" uspid="990" ordinal="1" offset="38" sl="61" path="1" offsetend="49" fileid="21" />
              </BranchPoints>
              <MethodPoint xsi:type="SequencePoint" vc="0" uspid="977" ordinal="0" offset="0" sl="58" sc="9" el="58" ec="10" bec="0" bev="0" fileid="21" />
            </Method>
            <Method visited="false" cyclomaticComplexity="3" nPathComplexity="0" sequenceCoverage="0" branchCoverage="0" crapScore="12" isConstructor="false" isStatic="false" isGetter="false" isSetter="false">
              <Summary numSequencePoints="9" visitedSequencePoints="0" numBranchPoints="1" visitedBranchPoints="0" sequenceCoverage="0" branchCoverage="0" maxCyclomaticComplexity="3" minCyclomaticComplexity="3" maxCrapScore="12" minCrapScore="12" visitedClasses="0" numClasses="0" visitedMethods="0" numMethods="1" />
              <MetadataToken>100663498</MetadataToken>
              <Name>System.Void DrawingModel.Shapes::ResizeShapes(System.Drawing.Size,System.Drawing.Size)</Name>
              <FileRef uid="21" />
              <SequencePoints>
                <SequencePoint vc="0" uspid="993" ordinal="0" offset="0" sl="70" sc="9" el="70" ec="10" bec="0" bev="0" fileid="21" />
                <SequencePoint vc="0" uspid="994" ordinal="1" offset="1" sl="71" sc="13" el="71" ec="20" bec="0" bev="0" fileid="21" />
                <SequencePoint vc="0" uspid="995" ordinal="2" offset="2" sl="71" sc="37" el="71" ec="46" bec="0" bev="0" fileid="21" />
                <SequencePoint vc="0" uspid="996" ordinal="3" offset="16" sl="71" sc="22" el="71" ec="33" bec="0" bev="0" fileid="21" />
                <SequencePoint vc="0" uspid="997" ordinal="4" offset="23" sl="72" sc="13" el="72" ec="14" bec="0" bev="0" fileid="21" />
                <SequencePoint vc="0" uspid="998" ordinal="5" offset="24" sl="73" sc="17" el="73" ec="48" bec="0" bev="0" fileid="21" />
                <SequencePoint vc="0" uspid="999" ordinal="6" offset="33" sl="74" sc="13" el="74" ec="14" bec="0" bev="0" fileid="21" />
                <SequencePoint vc="0" uspid="1000" ordinal="7" offset="34" sl="71" sc="34" el="71" ec="36" bec="0" bev="0" fileid="21" />
                <SequencePoint vc="0" uspid="1001" ordinal="8" offset="55" sl="75" sc="9" el="75" ec="10" bec="0" bev="0" fileid="21" />
              </SequencePoints>
              <BranchPoints />
              <MethodPoint xsi:type="SequencePoint" vc="0" uspid="993" ordinal="0" offset="0" sl="70" sc="9" el="70" ec="10" bec="0" bev="0" fileid="21" />
            </Method>
          </Methods>
        </Class>
      </Classes>
    </Module>
  </Modules>
</CoverageSession>